\BOOKMARK [0][-]{chapter.1}{\376\377\004\037\004\100\004\065\004\064\004\070\004\101\004\073\004\076\004\062\004\070\004\065}{}% 1
\BOOKMARK [1][-]{section.1.1}{\376\377\004\036\004\101\004\075\004\076\004\062\004\075\004\113\004\065\000\040\004\072\004\076\004\075\004\101\004\076\004\073\004\114\004\075\004\113\004\065\000\040\004\072\004\076\004\074\004\060\004\075\004\064\004\113}{chapter.1}% 2
\BOOKMARK [2][-]{subsection.1.1.1}{\376\377\004\037\004\060\004\100\004\103\000\040\004\101\004\073\004\076\004\062\000\040\004\076\004\061\000\040\000A\000U\000R\000\040\004\077\004\076\004\074\004\076\004\111\004\075\004\070\004\072\004\060\004\105}{section.1.1}% 3
\BOOKMARK [0][-]{chapter.2}{\376\377\004\037\004\065\004\100\004\062\004\113\004\065\000\040\004\110\004\060\004\063\004\070}{}% 4
\BOOKMARK [1][-]{section.2.1}{\376\377\004\035\004\060\004\101\004\102\004\100\004\076\004\071\004\072\004\060\000\040\000p\000a\000c\000m\000a\000n}{chapter.2}% 5
\BOOKMARK [2][-]{subsection.2.1.1}{\376\377\004\036\004\061\004\075\004\076\004\062\004\073\004\065\004\075\004\070\004\065\000\040\004\072\004\073\004\116\004\107\004\065\004\071\000\040\000A\000r\000c\000h\000\040\000L\000i\000n\000u\000x}{section.2.1}% 6
\BOOKMARK [2][-]{subsection.2.1.2}{\376\377\004\022\004\072\004\073\004\116\004\107\004\065\004\075\004\070\004\065\000\040\0003\0002\000-\004\061\004\070\004\102\004\075\004\076\004\063\004\076\000\040\004\100\004\065\004\077\004\076\004\067\004\070\004\102\004\076\004\100\004\070\004\117}{section.2.1}% 7
\BOOKMARK [2][-]{subsection.2.1.3}{\376\377\004\043\004\101\004\072\004\076\004\100\004\065\004\075\004\070\004\065\000\040\004\076\004\061\004\075\004\076\004\062\004\073\004\065\004\075\004\070\004\117\000\040\004\101\004\070\004\101\004\102\004\065\004\074\004\113}{section.2.1}% 8
\BOOKMARK [1][-]{section.2.2}{\376\377\004\043\004\101\004\102\004\060\004\075\004\076\004\062\004\072\004\060\000\040\004\061\004\060\004\067\004\076\004\062\004\113\004\105\000\040\004\077\004\060\004\072\004\065\004\102\004\076\004\062\000\040\004\070\000\040\004\075\004\060\004\061\004\076\004\100\004\060\000\040\004\077\004\100\004\076\004\063\004\100\004\060\004\074\004\074}{chapter.2}% 9
\BOOKMARK [2][-]{subsection.2.2.1}{\376\377\004\036\004\061\004\117\004\067\004\060\004\102\004\065\004\073\004\114\004\075\004\113\004\065\000\040\004\072\000\040\004\103\004\101\004\102\004\060\004\075\004\076\004\062\004\072\004\065\000\040\004\077\004\060\004\072\004\065\004\102\004\113\000!}{section.2.2}% 10
\BOOKMARK [2][-]{subsection.2.2.2}{\376\377\004\037\004\060\004\072\004\065\004\102\004\113\000\040\004\064\004\073\004\117\000\040\004\100\004\060\004\061\004\076\004\102\004\113\000\040\004\101\000\040\004\060\004\100\004\105\004\070\004\062\004\060\004\074\004\070}{section.2.2}% 11
\BOOKMARK [2][-]{subsection.2.2.3}{\376\377\004\035\004\060\004\061\004\076\004\100\000\040\004\077\004\100\004\070\004\072\004\073\004\060\004\064\004\075\004\076\004\063\004\076\000\040\004\037\004\036}{section.2.2}% 12
\BOOKMARK [2][-]{subsection.2.2.4}{\376\377\004\043\004\101\004\102\004\060\004\075\004\076\004\062\004\072\004\060\000\040\004\060\004\072\004\102\004\103\004\060\004\073\004\114\004\075\004\113\004\105\000\040\004\064\004\100\004\060\004\071\004\062\004\065\004\100\004\076\004\062\000\040\004\064\004\073\004\117\000\040\004\062\004\070\004\064\004\065\004\076\004\072\004\060\004\100\004\102\004\113}{section.2.2}% 13
\BOOKMARK [3][-]{subsubsection.2.2.4.1}{\376\377\000N\000V\000I\000D\000I\000A}{subsection.2.2.4}% 14
\BOOKMARK [3][-]{subsubsection.2.2.4.2}{\376\377\000N\000o\000u\000v\000e\000a\000u\000\040\000\050\004\042\004\076\004\073\004\114\004\072\004\076\000\040\004\064\004\073\004\117\000\040\004\101\004\102\004\060\004\100\004\113\004\105\000\040\004\062\004\070\004\064\004\065\004\076\004\072\004\060\004\100\004\102\000\051}{subsection.2.2.4}% 15
\BOOKMARK [3][-]{subsubsection.2.2.4.3}{\376\377\000A\000M\000D}{subsection.2.2.4}% 16
\BOOKMARK [3][-]{subsubsection.2.2.4.4}{\376\377\000I\000n\000t\000e\000l}{subsection.2.2.4}% 17
\BOOKMARK [1][-]{section.2.3}{\376\377\004\024\004\076\004\061\004\060\004\062\004\073\004\065\004\075\004\070\004\065\000\040\004\062\004\060\004\066\004\075\004\113\004\105\000\040\004\074\004\076\004\064\004\103\004\073\004\065\004\071\000\040\004\062\000\040\004\076\004\061\004\100\004\060\004\067\004\113\000\040\000i\000n\000i\000t\000r\000a\000m\000f\000s}{chapter.2}% 18
\BOOKMARK [1][-]{section.2.4}{\376\377\004\043\004\101\004\102\004\060\004\075\004\076\004\062\004\072\004\060\000\040\004\074\004\070\004\072\004\100\004\076\004\072\004\076\004\064\004\060}{chapter.2}% 19
\BOOKMARK [1][-]{section.2.5}{\376\377\004\035\004\060\004\101\004\102\004\100\004\076\004\071\004\072\004\060\000\040\004\064\004\100\004\060\004\071\004\062\004\065\004\100\004\060\000\040\000N\000V\000I\000D\000I\000A}{chapter.2}% 20
\BOOKMARK [2][-]{subsection.2.5.1}{\376\377\004\042\004\062\004\070\004\072\004\070\000\040\004\064\004\100\004\060\004\071\004\062\004\065\004\100\004\060\000\040\000N\000V\000I\000D\000I\000A}{section.2.5}% 21
\BOOKMARK [2][-]{subsection.2.5.2}{\376\377\004\041\004\077\004\065\004\106\004\070\004\104\004\070\004\107\004\065\004\101\004\072\004\070\004\065\000\040\004\077\004\065\004\100\004\065\004\074\004\065\004\075\004\075\004\113\004\065\000\040\004\076\004\072\004\100\004\103\004\066\004\065\004\075\004\070\004\117\000\040\004\064\004\073\004\117\000\040\004\064\004\100\004\060\004\071\004\062\004\065\004\100\004\060\000\040\000N\000V\000I\000D\000I\000A}{section.2.5}% 22
\BOOKMARK [1][-]{section.2.6}{\376\377\004\023\004\070\004\061\004\100\004\070\004\064\004\075\004\060\004\117\000\040\004\063\004\100\004\060\004\104\004\070\004\072\004\060\000\040\004\062\000\040\004\075\004\076\004\103\004\102\004\061\004\103\004\072\004\060\004\105}{chapter.2}% 23
\BOOKMARK [2][-]{subsection.2.6.1}{\376\377\004\020\004\073\004\114\004\102\004\065\004\100\004\075\004\060\004\102\004\070\004\062\004\060\000\040\004\077\004\076\004\077\004\100\004\076\004\111\004\065\000:\000\040\000o\000p\000t\000i\000m\000u\000s\000-\000m\000a\000n\000a\000g\000e\000r}{section.2.6}% 24
\BOOKMARK [1][-]{section.2.7}{\376\377\004\040\004\060\004\067\004\063\004\076\004\075\000\040\004\074\004\076\004\075\004\070\004\102\004\076\004\100\004\060\000\040\000\050\004\024\004\073\004\117\000\040\004\076\004\077\004\113\004\102\004\075\004\113\004\105\000\040\004\077\004\076\004\073\004\114\004\067\004\076\004\062\004\060\004\102\004\065\004\073\004\065\004\071\000\051}{chapter.2}% 25
\BOOKMARK [2][-]{subsection.2.7.1}{\376\377\004\024\004\073\004\117\000\040\004\062\004\070\004\064\004\065\004\076\004\072\004\060\004\100\004\102\000\040\000A\000M\000D\000/\000I\000n\000t\000e\000l}{section.2.7}% 26
\BOOKMARK [2][-]{subsection.2.7.2}{\376\377\004\024\004\073\004\117\000\040\004\062\004\070\004\064\004\065\004\076\004\072\004\060\004\100\004\102\000\040\000N\000V\000I\000D\000I\000A}{section.2.7}% 27
\BOOKMARK [0][-]{chapter.3}{\376\377\004\021\004\060\004\067\004\076\004\062\004\076\004\065\000\040\004\103\004\101\004\072\004\076\004\100\004\065\004\075\004\070\004\065\000\040\004\101\004\070\004\101\004\102\004\065\004\074\004\113}{}% 28
\BOOKMARK [1][-]{section.3.1}{\376\377\004\035\004\060\004\101\004\102\004\100\004\076\004\071\004\072\004\060\000\040\000m\000a\000k\000e\000p\000k\000g\000.\000c\000o\000n\000f}{chapter.3}% 29
\BOOKMARK [2][-]{subsection.3.1.1}{\376\377\004\044\004\076\004\100\004\101\004\070\004\100\004\076\004\062\004\060\004\075\004\070\004\065\000\040\004\070\004\101\004\077\004\076\004\073\004\114\004\067\004\076\004\062\004\060\004\075\004\070\004\117\000\040\000C\000l\000a\000n\000g\000\040\004\077\004\100\004\070\000\040\004\101\004\061\004\076\004\100\004\072\004\065\000\040\004\077\004\060\004\072\004\065\004\102\004\076\004\062}{section.3.1}% 30
\BOOKMARK [3][-]{subsubsection.3.1.1.1}{\376\377\004\043\004\101\004\072\004\076\004\100\004\065\004\075\004\070\004\065\000\040\004\100\004\060\004\061\004\076\004\102\004\113\000\040\004\072\004\076\004\074\004\077\004\070\004\073\004\117\004\102\004\076\004\100\004\076\004\062\000\040\000L\000L\000V\000M\000/\000C\000l\000a\000n\000g}{subsection.3.1.1}% 31
\BOOKMARK [2][-]{subsection.3.1.2}{\376\377\004\022\004\072\004\073\004\116\004\107\004\065\004\075\004\070\004\065\000\040\000c\000c\000a\000c\000h\000e}{section.3.1}% 32
\BOOKMARK [1][-]{section.3.2}{\376\377\004\043\004\101\004\102\004\060\004\075\004\076\004\062\004\072\004\060\000\040\004\077\004\076\004\073\004\065\004\067\004\075\004\113\004\105\000\040\004\101\004\073\004\103\004\066\004\061\000\040\004\070\000\040\004\064\004\065\004\074\004\076\004\075\004\076\004\062}{chapter.3}% 33
\BOOKMARK [1][-]{section.3.3}{\376\377\004\035\004\070\004\067\004\072\004\070\004\065\000\040\004\067\004\060\004\064\004\065\004\100\004\066\004\072\004\070\000\040\004\067\004\062\004\103\004\072\004\060}{chapter.3}% 34
\BOOKMARK [2][-]{subsection.3.3.1}{\376\377\004\035\004\076\004\062\004\060\004\117\000\040\004\060\004\073\004\114\004\102\004\065\004\100\004\075\004\060\004\102\004\070\004\062\004\060\000\040\000P\000u\000l\000s\000e\000A\000u\000d\000i\000o}{section.3.3}% 35
\BOOKMARK [2][-]{subsection.3.3.2}{\376\377\004\037\004\100\004\076\004\101\004\102\004\060\004\117\000\040\000A\000L\000S\000A}{section.3.3}% 36
\BOOKMARK [1][-]{section.3.4}{\376\377\004\043\004\101\004\072\004\076\004\100\004\065\004\075\004\070\004\065\000\040\004\067\004\060\004\063\004\100\004\103\004\067\004\072\004\070\000\040\004\101\004\070\004\101\004\102\004\065\004\074\004\113\000\040\000\050\004\036\004\102\004\072\004\073\004\116\004\107\004\065\004\075\004\070\004\065\000\040\000N\000e\000t\000w\000o\000r\000k\000M\000a\000n\000a\000g\000e\000r\000-\000w\000a\000i\000t\000-\000o\000n\000l\000i\000n\000e\000\051}{chapter.3}% 37
\BOOKMARK [2][-]{subsection.3.4.1}{\376\377\004\043\004\101\004\072\004\076\004\100\004\065\004\075\004\070\004\065\000\040\004\067\004\060\004\063\004\100\004\103\004\067\004\072\004\070\000\040\004\117\004\064\004\100\004\060\000\040\004\075\004\060\000\040\000H\000D\000D\000\040\004\075\004\060\004\072\004\076\004\077\004\070\004\102\004\065\004\073\004\117\004\105\000\040\000\050\004\042\004\076\004\073\004\114\004\072\004\076\000\040\004\064\004\073\004\117\000\040\004\066\004\065\004\101\004\102\004\072\004\070\004\105\000\040\004\064\004\070\004\101\004\072\004\076\004\062\000\051}{section.3.4}% 38
\BOOKMARK [1][-]{section.3.5}{\376\377\004\036\004\064\004\075\004\076\004\062\004\100\004\065\004\074\004\065\004\075\004\075\004\060\004\117\000\040\004\067\004\060\004\063\004\100\004\103\004\067\004\072\004\060\000\040\004\064\004\062\004\103\004\105\000\040\004\070\000\040\004\061\004\076\004\073\004\065\004\065\000\040\004\077\004\060\004\072\004\065\004\102\004\076\004\062}{chapter.3}% 39
\BOOKMARK [2][-]{subsection.3.5.1}{\376\377\004\020\004\073\004\114\004\102\004\065\004\100\004\075\004\060\004\102\004\070\004\062\004\075\004\076\000\040\004\074\004\076\004\066\004\075\004\076\000\040\004\070\004\101\004\077\004\076\004\073\004\114\004\067\004\076\004\062\004\060\004\102\004\114\000\040\000p\000o\000w\000e\000r\000p\000i\000l\000l\000\040\000\050\004\041\004\077\004\060\004\101\004\070\004\061\004\076\000\040\000Z\000e\000e\000\040\000C\000a\000p\000t\000a\000i\000n\000\051}{section.3.5}% 40
\BOOKMARK [1][-]{section.3.6}{\376\377\004\042\004\062\004\070\004\072\004\070\000\040\004\064\004\100\004\060\004\071\004\062\004\065\004\100\004\076\004\062\000\040\000M\000e\000s\000a}{chapter.3}% 41
\BOOKMARK [2][-]{subsection.3.6.1}{\376\377\004\044\004\076\004\100\004\101\004\070\004\100\004\076\004\062\004\060\004\075\004\070\004\065\000\040\004\070\004\101\004\077\004\076\004\073\004\114\004\067\004\076\004\062\004\060\004\075\004\070\004\117\000\040\000A\000M\000D\000\040\000S\000A\000M\000\040\000\050\004\042\004\076\004\073\004\114\004\072\004\076\000\040\004\064\004\073\004\117\000\040\004\076\004\077\004\113\004\102\004\075\004\113\004\105\000\040\004\077\004\076\004\073\004\114\004\067\004\076\004\062\004\060\004\102\004\065\004\073\004\065\004\071\000\051\000.}{section.3.6}% 42
\BOOKMARK [2][-]{subsection.3.6.2}{\376\377\004\040\004\065\004\110\004\065\004\075\004\070\004\065\000\040\004\077\004\100\004\076\004\061\004\073\004\065\004\074\000\040\004\100\004\060\004\061\004\076\004\102\004\113\000\040\004\063\004\100\004\060\004\104\004\070\004\072\004\070\000\040\000V\000e\000g\000a\000\040\0001\0001\000\040\000\050\004\041\004\077\004\060\004\101\004\070\004\061\004\076\000\040\000@\000V\000o\000c\000h\000a\000t\000r\000a\000k\000-\000a\000z\000-\000e\000z\000m\000\051}{section.3.6}% 43
\BOOKMARK [0][-]{chapter.4}{\376\377\004\055\004\072\004\101\004\102\004\100\004\060\000\040\004\076\004\077\004\102\004\070\004\074\004\070\004\067\004\060\004\106\004\070\004\070}{}% 44
\BOOKMARK [1][-]{section.4.1}{\376\377\004\037\004\065\004\100\004\065\004\062\004\076\004\064\000\040\004\077\004\100\004\076\004\106\004\065\004\101\004\101\004\076\004\100\004\060\000\040\004\070\004\067\000\040\004\101\004\102\004\060\004\075\004\064\004\060\004\100\004\102\004\075\004\076\004\063\004\076\000\040\004\115\004\075\004\065\004\100\004\063\004\076\004\101\004\061\004\065\004\100\004\065\004\066\004\065\004\075\004\070\004\117\000\040\004\062\000\040\004\100\004\065\004\066\004\070\004\074\000\040\004\077\004\100\004\076\004\070\004\067\004\062\004\076\004\064\004\070\004\102\004\065\004\073\004\114\004\075\004\076\004\101\004\102\004\070}{chapter.4}% 45
\BOOKMARK [2][-]{subsection.4.1.1}{\376\377\000G\000U\000I\000\040\004\064\004\073\004\117\000\040\004\070\004\067\004\074\004\065\004\075\004\065\004\075\004\070\004\065\000\040\004\107\004\060\004\101\004\102\004\076\004\102\004\113\000\040\004\077\004\100\004\076\004\106\004\065\004\101\004\101\004\076\004\100\004\060\000\040\000\050\004\034\004\076\004\066\004\065\004\102\000\040\004\075\004\065\000\040\004\100\004\060\004\061\004\076\004\102\004\060\004\102\004\114\000\040\004\101\000\040\000X\000a\000n\000m\000o\000d\000\051}{section.4.1}% 46
\BOOKMARK [2][-]{subsection.4.1.2}{\376\377\004\020\004\073\004\114\004\102\004\065\004\100\004\075\004\060\004\102\004\070\004\062\004\060\000\040\000-\000\040\000A\000u\000t\000o\000-\000C\000p\000u\000f\000r\000e\000q}{section.4.1}% 47
\BOOKMARK [1][-]{section.4.2}{\376\377\004\036\004\102\004\072\004\073\004\116\004\107\004\065\004\075\004\070\004\065\000\040\004\101\004\077\004\117\004\111\004\065\004\063\004\076\000\040\004\100\004\065\004\066\004\070\004\074\004\060\000\040\004\070\000\040\004\063\004\070\004\061\004\065\004\100\004\075\004\060\004\106\004\070\004\070}{chapter.4}% 48
\BOOKMARK [1][-]{section.4.3}{\376\377\004\036\004\102\004\072\004\073\004\116\004\107\004\065\004\075\004\070\004\065\000\040\004\064\004\060\004\074\004\077\004\076\004\062\000\040\004\117\004\064\004\100\004\060\000\040\000\050\004\042\004\076\004\073\004\114\004\072\004\076\000\040\004\064\004\073\004\117\000\040\004\076\004\077\004\113\004\102\004\075\004\113\004\105\000\040\004\077\004\076\004\073\004\114\004\067\004\076\004\062\004\060\004\102\004\065\004\073\004\065\004\071\000\051}{chapter.4}% 49
\BOOKMARK [1][-]{section.4.4}{\376\377\004\036\004\102\004\072\004\073\004\116\004\107\004\065\004\075\004\070\004\065\000\040\004\104\004\060\004\071\004\073\004\060\000\040\004\077\004\076\004\064\004\072\004\060\004\107\004\072\004\070}{chapter.4}% 50
\BOOKMARK [0][-]{chapter.5}{\376\377\004\035\004\060\004\101\004\102\004\100\004\076\004\071\004\072\004\060\000\040\004\077\004\060\004\100\004\060\004\074\004\065\004\102\004\100\004\076\004\062\000\040\004\117\004\064\004\100\004\060}{}% 51
\BOOKMARK [1][-]{section.5.1}{\376\377\004\036\004\061\004\075\004\076\004\062\004\073\004\065\004\075\004\070\004\065\000\040\004\067\004\060\004\063\004\100\004\103\004\067\004\107\004\070\004\072\004\060\000\040\004\070\000\040\004\076\004\102\004\072\004\073\004\116\004\107\004\065\004\075\004\070\004\065\000\040\004\075\004\065\004\075\004\103\004\066\004\075\004\113\004\105\000\040\004\067\004\060\004\077\004\073\004\060\004\102\004\076\004\072}{chapter.5}% 52
\BOOKMARK [2][-]{subsection.5.1.1}{\376\377\004\040\004\060\004\067\004\112\004\117\004\101\004\075\004\065\004\075\004\070\004\117}{section.5.1}% 53
\BOOKMARK [0][-]{chapter.6}{\376\377\004\044\004\060\004\071\004\073\004\076\004\062\004\113\004\065\000\040\004\101\004\070\004\101\004\102\004\065\004\074\004\113}{}% 54
\BOOKMARK [1][-]{section.6.1}{\376\377\004\035\004\116\004\060\004\075\004\101\004\113\000\040\004\062\004\113\004\061\004\076\004\100\004\060\000\040\004\104\004\060\004\071\004\073\004\076\004\062\004\076\004\071\000\040\004\101\004\070\004\101\004\102\004\065\004\074\004\113\000\040\004\070\000\040\004\104\004\073\004\060\004\063\004\076\004\062\000\040\004\074\004\076\004\075\004\102\004\070\004\100\004\076\004\062\004\060\004\075\004\070\004\117}{chapter.6}% 55
\BOOKMARK [2][-]{subsection.6.1.1}{\376\377\004\036\004\077\004\102\004\070\004\074\004\060\004\073\004\114\004\075\004\113\004\065\000\040\004\104\004\073\004\060\004\063\004\070\000\040\004\074\004\076\004\075\004\102\004\070\004\100\004\076\004\062\004\060\004\075\004\070\004\117}{section.6.1}% 56
\BOOKMARK [1][-]{section.6.2}{\376\377\004\041\004\066\004\060\004\102\004\070\004\065\000\040\004\062\000\040\004\104\004\060\004\071\004\073\004\076\004\062\004\076\004\071\000\040\004\101\004\070\004\101\004\102\004\065\004\074\004\065\000\040\000B\000t\000r\000f\000s}{chapter.6}% 57
\BOOKMARK [2][-]{subsection.6.2.1}{\376\377\004\036\004\077\004\100\004\065\004\064\004\065\004\073\004\065\004\075\004\070\004\065\000\040\004\115\004\104\004\104\004\065\004\072\004\102\004\070\004\062\004\075\004\076\004\101\004\102\004\070\000\040\004\101\004\066\004\060\004\102\004\070\004\117}{section.6.2}% 58
\BOOKMARK [2][-]{subsection.6.2.2}{\376\377\004\041\004\072\004\076\004\100\004\076\004\101\004\102\004\114\000\040\004\076\004\061\004\100\004\060\004\061\004\076\004\102\004\072\004\070\000\040\004\060\004\073\004\063\004\076\004\100\004\070\004\102\004\074\004\060\000\040\000z\000s\000t\000d\000\040\004\075\004\060\000\040\004\077\004\100\004\070\004\074\004\065\004\100\004\065\000\040\000A\000M\000D\000\040\000R\000y\000z\000e\000n\000\040\0007\000\040\0003\0007\0000\0000\000X}{section.6.2}% 59
\BOOKMARK [2][-]{subsection.6.2.3}{\376\377\004\041\004\077\004\070\004\101\004\076\004\072\000\040\004\077\004\100\004\076\004\102\004\065\004\101\004\102\004\070\004\100\004\076\004\062\004\060\004\075\004\075\004\113\004\105\000\040\004\070\004\063\004\100\000\040\004\075\004\060\000\040\004\115\004\104\004\104\004\065\004\072\004\102\004\070\004\062\004\075\004\076\004\101\004\102\004\114\000\040\004\101\004\066\004\060\004\102\004\070\004\117\000\040\000\050\004\041\004\077\004\060\004\101\004\070\004\061\004\076\000\040\000@\000d\000e\000w\000d\000p\000o\000l\000!\000\051}{section.6.2}% 60
\BOOKMARK [3][-]{subsubsection.6.2.3.1}{\376\377\004\037\004\100\004\076\004\074\004\065\004\066\004\103\004\102\004\076\004\107\004\075\004\113\004\065\000\040\004\100\004\065\004\067\004\103\004\073\004\114\004\102\004\060\004\102\004\113}{subsection.6.2.3}% 61
\BOOKMARK [0][-]{chapter.7}{\376\377\004\032\004\060\004\101\004\102\004\076\004\074\004\075\004\113\004\065\000\040\004\117\004\064\004\100\004\060}{}% 62
\BOOKMARK [1][-]{section.7.1}{\376\377\004\022\004\113\004\061\004\076\004\100\000\040\004\117\004\064\004\100\004\060}{chapter.7}% 63
\BOOKMARK [2][-]{subsection.7.1.1}{\376\377\000l\000i\000n\000u\000x\000-\000z\000e\000n}{section.7.1}% 64
\BOOKMARK [2][-]{subsection.7.1.2}{\376\377\000l\000i\000q\000u\000o\000r\000i\000x}{section.7.1}% 65
\BOOKMARK [2][-]{subsection.7.1.3}{\376\377\000X\000a\000n\000m\000o\000d}{section.7.1}% 66
\BOOKMARK [2][-]{subsection.7.1.4}{\376\377\000l\000i\000n\000u\000x\000-\000t\000k\000g}{section.7.1}% 67
\BOOKMARK [2][-]{subsection.7.1.5}{\376\377\000l\000i\000n\000u\000x\000-\000c\000a\000c\000h\000y\000o\000s}{section.7.1}% 68
\BOOKMARK [1][-]{section.7.2}{\376\377\004\035\004\060\004\101\004\102\004\100\004\076\004\071\004\072\004\060\000\040\004\117\004\064\004\100\004\060}{chapter.7}% 69
\BOOKMARK [1][-]{section.7.3}{\376\377\004\041\004\061\004\076\004\100\004\072\004\060\000\040\004\117\004\064\004\100\004\060\000\040\004\101\000\040\004\077\004\076\004\074\004\076\004\111\004\114\004\116\000\040\000C\000l\000a\000n\000g\000\040\000+\000\040\000L\000T\000O}{chapter.7}% 70
\BOOKMARK [0][-]{chapter.8}{\376\377\000W\000i\000n\000e\000\040\000/\000\040\000L\000i\000n\000u\000x\000\040\000G\000a\000m\000i\000n\000g}{}% 71
\BOOKMARK [1][-]{section.8.1}{\376\377\004\036\004\101\004\075\004\076\004\062\004\075\004\113\004\065\000\040\004\101\004\076\004\101\004\102\004\060\004\062\004\073\004\117\004\116\004\111\004\070\004\065}{chapter.8}% 72
\BOOKMARK [2][-]{subsection.8.1.1}{\376\377\004\047\004\102\004\076\000\040\004\102\004\060\004\072\004\076\004\065\000\040\000W\000i\000n\000e\000?}{section.8.1}% 73
\BOOKMARK [2][-]{subsection.8.1.2}{\376\377\004\041\004\061\004\076\004\100\004\072\004\070\000\040\000W\000i\000n\000e}{section.8.1}% 74
\BOOKMARK [3][-]{subsubsection.8.1.2.1}{\376\377\004\043\004\101\004\102\004\060\004\075\004\076\004\062\004\072\004\060\000\040\000w\000i\000n\000e\000-\000s\000t\000a\000g\000i\000n\000g\000\040\004\062\004\074\004\065\004\101\004\102\004\065\000\040\004\101\000\040\004\067\004\060\004\062\004\070\004\101\004\070\004\074\004\076\004\101\004\102\004\117\004\074\004\070}{subsection.8.1.2}% 75
\BOOKMARK [2][-]{subsection.8.1.3}{\376\377\004\020\004\073\004\114\004\102\004\065\004\100\004\075\004\060\004\102\004\070\004\062\004\075\004\113\004\065\000\040\004\101\004\061\004\076\004\100\004\072\004\070\000\040\000W\000i\000n\000e}{section.8.1}% 76
\BOOKMARK [3][-]{subsubsection.8.1.3.1}{\376\377\000W\000I\000N\000E\000-\000T\000K\000G}{subsection.8.1.3}% 77
\BOOKMARK [3][-]{subsubsection.8.1.3.2}{\376\377\000w\000i\000n\000e\000-\000t\000k\000g\000-\000u\000s\000e\000r\000p\000a\000t\000c\000h\000e\000s}{subsection.8.1.3}% 78
\BOOKMARK [3][-]{subsubsection.8.1.3.3}{\376\377\000W\000I\000N\000E\000-\000G\000E}{subsection.8.1.3}% 79
\BOOKMARK [3][-]{subsubsection.8.1.3.4}{\376\377\000P\000r\000o\000t\000o\000n\000-\000G\000E\000-\000C\000u\000s\000t\000o\000m}{subsection.8.1.3}% 80
\BOOKMARK [2][-]{subsection.8.1.4}{\376\377\004\030\004\101\004\077\004\076\004\073\004\114\004\067\004\076\004\062\004\060\004\075\004\070\004\065\000\040\000W\000i\000n\000e}{section.8.1}% 81
\BOOKMARK [2][-]{subsection.8.1.5}{\376\377\000D\000X\000V\000K}{section.8.1}% 82
\BOOKMARK [2][-]{subsection.8.1.6}{\376\377\000v\000k\000d\0003\000d}{section.8.1}% 83
\BOOKMARK [2][-]{subsection.8.1.7}{\376\377\004\037\004\076\004\073\004\065\004\067\004\075\004\113\004\065\000\040\004\101\004\101\004\113\004\073\004\072\004\070\000\040\004\077\004\076\000\040\004\102\004\065\004\074\004\065\000\040\000W\000i\000n\000e\000\040\004\070\000\040\000D\000X\000V\000K}{section.8.1}% 84
\BOOKMARK [1][-]{section.8.2}{\376\377\004\024\004\076\004\077\004\076\004\073\004\075\004\070\004\102\004\065\004\073\004\114\004\075\004\113\004\065\000\040\004\072\004\076\004\074\004\077\004\076\004\075\004\065\004\075\004\102\004\113}{chapter.8}% 85
\BOOKMARK [2][-]{subsection.8.2.1}{\376\377\000L\000u\000t\000r\000i\000s}{section.8.2}% 86
\BOOKMARK [3][-]{subsubsection.8.2.1.1}{\376\377\004\030\004\101\004\077\004\076\004\073\004\114\004\067\004\076\004\062\004\060\004\075\004\070\004\065\000\040\000P\000r\000o\000t\000o\000n\000-\000G\000E\000-\000C\000u\000s\000t\000o\000m\000\040\004\062\000\040\000L\000u\000t\000r\000i\000s}{subsection.8.2.1}% 87
\BOOKMARK [2][-]{subsection.8.2.2}{\376\377\000G\000a\000m\000e\000m\000o\000d\000e}{section.8.2}% 88
\BOOKMARK [2][-]{subsection.8.2.3}{\376\377\000A\000M\000D\000\040\000F\000i\000d\000e\000l\000i\000t\000y\000F\000X\000\040\000S\000u\000p\000e\000r\000\040\000R\000e\000s\000o\000l\000u\000t\000i\000o\000n\000\040\004\062\000\040\000W\000i\000n\000e}{section.8.2}% 89
\BOOKMARK [2][-]{subsection.8.2.4}{\376\377\004\030\004\101\004\077\004\076\004\073\004\114\004\067\004\076\004\062\004\060\004\075\004\070\004\065\000\040\000D\000L\000S\000S\000\040\004\101\000\040\004\062\004\070\004\064\004\065\004\076\004\072\004\060\004\100\004\102\004\060\004\074\004\070\000\040\000N\000V\000I\000D\000I\000A\000\040\004\107\004\065\004\100\004\065\004\067\000\040\000P\000r\000o\000t\000o\000n}{section.8.2}% 90
\BOOKMARK [2][-]{subsection.8.2.5}{\376\377\004\034\004\076\004\075\004\070\004\102\004\076\004\100\004\070\004\075\004\063\000\040\000F\000P\000S\000\040\004\062\000\040\004\070\004\063\004\100\004\060\004\105\000.}{section.8.2}% 91
\BOOKMARK [3][-]{subsubsection.8.2.5.1}{\376\377\000M\000a\000n\000g\000o\000h\000u\000d}{subsection.8.2.5}% 92
\BOOKMARK [3][-]{subsubsection.8.2.5.2}{\376\377\004\020\004\073\004\114\004\102\004\065\004\100\004\075\004\060\004\102\004\070\004\062\004\060\000:\000\040\000D\000X\000V\000K\000\040\000H\000u\000d\000\040\000\050\004\042\004\076\004\073\004\114\004\072\004\076\000\040\004\064\004\073\004\117\000\040\004\070\004\063\004\100\000\040\004\067\004\060\004\077\004\103\004\101\004\072\004\060\004\065\004\074\004\113\004\105\000\040\004\107\004\065\004\100\004\065\004\067\000\040\000W\000i\000n\000e\000/\000P\000r\000o\000t\000o\000n\000\051}{subsection.8.2.5}% 93
\BOOKMARK [0][-]{chapter.9}{\376\377\004\041\004\061\004\076\004\100\004\072\004\060\000\040\004\074\004\070\004\075\004\070\000-\004\117\004\064\004\100\004\060\000,\000\040\004\070\000\040\004\101\000\040\004\107\004\065\004\074\000\040\004\115\004\102\004\076\000\040\004\065\004\064\004\117\004\102\000.}{}% 94
\BOOKMARK [1][-]{section.9.1}{\376\377\004\022\004\076\004\067\004\074\004\076\004\066\004\075\004\113\004\065\000\040\004\107\004\060\004\101\004\102\004\076\000\040\004\062\004\101\004\102\004\100\004\065\004\107\004\060\004\065\004\074\004\113\004\065\000\040\004\077\004\100\004\076\004\061\004\073\004\065\004\074\004\113\000\040\004\077\004\076\004\101\004\073\004\065\000\040\004\103\004\101\004\102\004\060\004\075\004\076\004\062\004\072\004\070\000\040\004\074\004\070\004\075\004\070\000-\004\117\004\064\004\100\004\060}{chapter.9}% 95
\BOOKMARK [0][-]{chapter.10}{\376\377\004\036\004\077\004\102\004\070\004\074\004\070\004\067\004\060\004\106\004\070\004\117\000\040\004\100\004\060\004\061\004\076\004\107\004\065\004\063\004\076\000\040\004\076\004\072\004\100\004\103\004\066\004\065\004\075\004\070\004\117\000\040\000\050\000D\000E\000\051}{}% 96
\BOOKMARK [1][-]{section.10.1}{\376\377\004\027\004\060\004\077\004\103\004\101\004\072\000\040\004\073\004\116\004\061\004\076\004\071\000\040\000D\000E\000\040\004\070\004\073\004\070\000\040\000W\000M\000\040\004\061\004\065\004\067\000\040\004\115\004\072\004\100\004\060\004\075\004\075\004\076\004\063\004\076\000\040\004\074\004\065\004\075\004\065\004\064\004\066\004\065\004\100\004\060\000\040\000\050\004\042\004\076\004\073\004\114\004\072\004\076\000\040\004\064\004\073\004\117\000\040\000X\0001\0001\000\051}{chapter.10}% 97
\BOOKMARK [1][-]{section.10.2}{\376\377\000G\000N\000O\000M\000E\000\040\0003\000.\000X\000X\000/\0004\0002}{chapter.10}% 98
\BOOKMARK [2][-]{subsection.10.2.1}{\376\377\004\043\004\064\004\060\004\073\004\065\004\075\004\070\004\065\000\040\004\074\004\103\004\101\004\076\004\100\004\060\000\040\000G\000N\000O\000M\000E}{section.10.2}% 99
\BOOKMARK [2][-]{subsection.10.2.2}{\376\377\004\036\004\102\004\072\004\073\004\116\004\107\004\065\004\075\004\070\004\065\000\040\000T\000r\000a\000c\000k\000e\000r\000\040\0003\000\040\004\062\000\040\000G\000N\000O\000M\000E}{section.10.2}% 100
\BOOKMARK [2][-]{subsection.10.2.3}{\376\377\004\036\004\102\004\072\004\073\004\116\004\107\004\065\004\075\004\070\004\065\000\040\004\075\004\065\004\075\004\103\004\066\004\075\004\113\004\105\000\040\000G\000S\000D\000\040\004\101\004\073\004\103\004\066\004\061\000\040\000G\000N\000O\000M\000E}{section.10.2}% 101
\BOOKMARK [2][-]{subsection.10.2.4}{\376\377\000g\000n\000o\000m\000e\000-\000s\000h\000e\000l\000l\000-\000p\000e\000r\000f\000o\000r\000m\000a\000n\000c\000e\000\040\004\070\000\040\000m\000u\000t\000t\000e\000r\000-\000p\000e\000r\000f\000o\000r\000m\000a\000n\000c\000e}{section.10.2}% 102
\BOOKMARK [2][-]{subsection.10.2.5}{\376\377\004\021\004\076\004\075\004\103\004\101\000:\000\040\004\075\004\065\004\074\004\075\004\076\004\063\004\076\000\040\004\072\004\076\004\101\004\074\004\065\004\102\004\070\004\072\004\070}{section.10.2}% 103
\BOOKMARK [2][-]{subsection.10.2.6}{\376\377\004\040\004\065\004\067\004\103\004\073\004\114\004\102\004\060\004\102}{section.10.2}% 104
\BOOKMARK [1][-]{section.10.3}{\376\377\000K\000D\000E\000\040\000P\000l\000a\000s\000m\000a\000\040\0005}{chapter.10}% 105
\BOOKMARK [2][-]{subsection.10.3.1}{\376\377\004\043\004\064\004\060\004\073\004\065\004\075\004\070\004\065\000\040\004\074\004\103\004\101\004\076\004\100\004\060\000\040\004\070\004\067\000\040\000P\000l\000a\000s\000m\000a\000\040\0005}{section.10.3}% 106
\BOOKMARK [2][-]{subsection.10.3.2}{\376\377\004\036\004\102\004\072\004\073\004\116\004\107\004\065\004\075\004\070\004\065\000\040\000B\000a\000l\000o\000o\000\040\004\062\000\040\000P\000l\000a\000s\000m\000a}{section.10.3}% 107
\BOOKMARK [2][-]{subsection.10.3.3}{\376\377\004\036\004\102\004\072\004\073\004\116\004\107\004\065\004\075\004\070\004\065\000\040\004\076\004\102\004\073\004\060\004\064\004\076\004\107\004\075\004\076\004\071\000\040\004\070\004\075\004\104\004\076\004\100\004\074\004\060\004\106\004\070\004\070\000\040\004\062\000\040\000K\000D\000E\000\040\0005}{section.10.3}% 108
\BOOKMARK [2][-]{subsection.10.3.4}{\376\377\004\036\004\102\004\072\004\073\004\116\004\107\004\065\004\075\004\070\004\065\000\040\004\075\004\065\004\075\004\103\004\066\004\075\004\113\004\105\000\040\004\101\004\073\004\103\004\066\004\061\000\040\000P\000l\000a\000s\000m\000a}{section.10.3}% 109
\BOOKMARK [2][-]{subsection.10.3.5}{\376\377\004\035\004\060\004\101\004\102\004\100\004\076\004\071\004\072\004\060\000\040\004\100\004\060\004\061\004\076\004\102\004\113\000\040\000K\000W\000i\000n\000\040\004\064\004\073\004\117\000\040\004\103\004\062\004\065\004\073\004\070\004\107\004\065\004\075\004\070\004\117\000\040\004\077\004\073\004\060\004\062\004\075\004\076\004\101\004\102\004\070}{section.10.3}% 110
\BOOKMARK [2][-]{subsection.10.3.6}{\376\377\004\036\004\102\004\072\004\073\004\116\004\107\004\065\004\075\004\070\004\065\000\040\004\072\004\076\004\074\004\077\004\076\004\067\004\070\004\102\004\070\004\075\004\063\004\060\000\040\004\064\004\073\004\117\000\040\004\077\004\076\004\073\004\075\004\076\004\115\004\072\004\100\004\060\004\075\004\075\004\113\004\105\000\040\004\076\004\072\004\076\004\075}{section.10.3}% 111
\BOOKMARK [2][-]{subsection.10.3.7}{\376\377\004\036\004\102\004\072\004\073\004\116\004\107\004\065\004\075\004\070\004\065\000\040\004\075\004\065\004\075\004\103\004\066\004\075\004\113\004\105\000\040\004\063\004\100\004\060\004\104\004\070\004\107\004\065\004\101\004\072\004\070\004\105\000\040\004\115\004\104\004\104\004\065\004\072\004\102\004\076\004\062\000\040\000P\000l\000a\000s\000m\000a}{section.10.3}% 112
\BOOKMARK [2][-]{subsection.10.3.8}{\376\377\004\040\004\065\004\067\004\103\004\073\004\114\004\102\004\060\004\102}{section.10.3}% 113
\BOOKMARK [1][-]{section.10.4}{\376\377\000X\000f\000c\000e\0004}{chapter.10}% 114
\BOOKMARK [2][-]{subsection.10.4.1}{\376\377\004\043\004\064\004\060\004\073\004\065\004\075\004\070\004\065\000\040\004\077\004\076\004\102\004\065\004\075\004\106\004\070\004\060\004\073\004\114\004\075\004\076\000\040\004\075\004\065\004\075\004\103\004\066\004\075\004\113\004\105\000\040\004\072\004\076\004\074\004\077\004\076\004\075\004\065\004\075\004\102\004\076\004\062\000\040\000X\000f\000c\000e}{section.10.4}% 115
\BOOKMARK [2][-]{subsection.10.4.2}{\376\377\004\036\004\102\004\072\004\073\004\116\004\107\004\065\004\075\004\070\004\065\000\040\004\075\004\065\004\075\004\103\004\066\004\075\004\113\004\105\000\040\004\101\004\073\004\103\004\066\004\061\000\040\004\070\000\040\004\077\004\100\004\070\004\073\004\076\004\066\004\065\004\075\004\070\004\071\000\040\004\060\004\062\004\102\004\076\004\067\004\060\004\077\004\103\004\101\004\072\004\060}{section.10.4}% 116
\BOOKMARK [2][-]{subsection.10.4.3}{\376\377\004\035\004\060\004\101\004\102\004\100\004\076\004\071\004\072\004\060\000\040\004\072\004\076\004\074\004\077\004\076\004\067\004\070\004\102\004\076\004\100\004\060\000\040\000X\000f\000w\000m\0004}{section.10.4}% 117
\BOOKMARK [2][-]{subsection.10.4.4}{\376\377\004\040\004\065\004\067\004\103\004\073\004\114\004\102\004\060\004\102}{section.10.4}% 118
\BOOKMARK [1][-]{section.10.5}{\376\377\000C\000i\000n\000n\000a\000m\000o\000n}{chapter.10}% 119
\BOOKMARK [2][-]{subsection.10.5.1}{\376\377\004\036\004\102\004\072\004\073\004\116\004\107\004\065\004\075\004\070\004\065\000\040\004\075\004\065\004\075\004\103\004\066\004\075\004\113\004\105\000\040\000C\000S\000D\000\040\004\101\004\073\004\103\004\066\004\061\000\040\000\050\004\035\004\036\004\022\004\053\004\031\000\040\004\041\004\037\004\036\004\041\004\036\004\021\000\051}{section.10.5}% 120
\BOOKMARK [2][-]{subsection.10.5.2}{\376\377\004\035\004\060\004\101\004\102\004\100\004\076\004\071\004\072\004\060\000\040\004\072\004\076\004\074\004\077\004\076\004\067\004\070\004\102\004\076\004\100\004\060\000\040\000M\000u\000f\000f\000i\000n}{section.10.5}% 121
\BOOKMARK [2][-]{subsection.10.5.3}{\376\377\004\036\004\102\004\072\004\073\004\116\004\107\004\065\004\075\004\070\004\065\000\040\004\075\004\065\004\075\004\103\004\066\004\075\004\113\004\105\000\040\004\115\004\104\004\104\004\065\004\072\004\102\004\076\004\062\000\040\000M\000u\000f\000f\000i\000n}{section.10.5}% 122
\BOOKMARK [2][-]{subsection.10.5.4}{\376\377\004\040\004\065\004\067\004\103\004\073\004\114\004\102\004\060\004\102}{section.10.5}% 123
\BOOKMARK [0][-]{chapter.11}{\376\377\004\037\004\076\004\073\004\065\004\067\004\075\004\113\004\065\000\040\004\077\004\100\004\076\004\063\004\100\004\060\004\074\004\074\004\113}{}% 124
\BOOKMARK [1][-]{section.11.1}{\376\377\000S\000t\000a\000c\000e\000r}{chapter.11}% 125
\BOOKMARK [1][-]{section.11.2}{\376\377\000B\000l\000e\000a\000c\000h\000b\000i\000t}{chapter.11}% 126
\BOOKMARK [1][-]{section.11.3}{\376\377\000P\000i\000p\000e\000r}{chapter.11}% 127
\BOOKMARK [1][-]{section.11.4}{\376\377\000p\000a\000m\000\137\000u\000s\000b}{chapter.11}% 128
\BOOKMARK [1][-]{section.11.5}{\376\377\000B\000o\000t\000t\000l\000e\000s}{chapter.11}% 129
\BOOKMARK [0][-]{section*.3}{\376\377\004\020\004\073\004\104\004\060\004\062\004\070\004\102\004\075\004\113\004\071\000\040\004\103\004\072\004\060\004\067\004\060\004\102\004\065\004\073\004\114}{}% 130
