This is XeTeX, Version 3.141592653-2.6-0.999994 (TeX Live 2022/Arch Linux) (preloaded format=xelatex 2022.6.10)  10 JUN 2022 14:55
entering extended mode
 restricted \write18 enabled.
 %&-line parsing enabled.
**ARU.tex
(./ARU.tex
LaTeX2e <2021-11-15> patch level 1
L3 programming layer <2022-04-10> (./sphinxmanual.cls
Document Class: sphinxmanual 2019/12/01 v2.3.0 Document class (Sphinx manual)
(/usr/share/texmf-dist/tex/latex/base/report.cls
Document Class: report 2021/10/04 v1.4n Standard LaTeX document class
(/usr/share/texmf-dist/tex/latex/base/size10.clo
File: size10.clo 2021/10/04 v1.4n Standard LaTeX file (size option)
)
\c@part=\count181
\c@chapter=\count182
\c@section=\count183
\c@subsection=\count184
\c@subsubsection=\count185
\c@paragraph=\count186
\c@subparagraph=\count187
\c@figure=\count188
\c@table=\count189
\abovecaptionskip=\skip47
\belowcaptionskip=\skip48
\bibindent=\dimen138
)
LaTeX Info: Redefining \and on input line 35.
)
\sphinxpxdimen=\dimen139

(/usr/share/texmf-dist/tex/latex/cmap/cmap.sty
Package: cmap 2021/02/06 v1.0j CMap support: searchable PDF


Package cmap Warning: pdftex not detected - exiting.

) (/usr/share/texmf-dist/tex/latex/fontspec/fontspec.sty
(/usr/share/texmf-dist/tex/latex/l3packages/xparse/xparse.sty
(/usr/share/texmf-dist/tex/latex/l3kernel/expl3.sty
Package: expl3 2022-04-10 L3 programming layer (loader) 

(/usr/share/texmf-dist/tex/latex/l3backend/l3backend-xetex.def
File: l3backend-xetex.def 2022-04-14 L3 backend support: XeTeX
\l__color_backend_stack_int=\count190
\g__color_backend_stack_int=\count191
\g__graphics_track_int=\count192
\l__pdf_internal_box=\box50
\g__pdf_backend_object_int=\count193
\g__pdf_backend_annotation_int=\count194
\g__pdf_backend_link_int=\count195
))
Package: xparse 2022-01-12 L3 Experimental document command parser
)
Package: fontspec 2022/01/15 v2.8a Font selection for XeLaTeX and LuaLaTeX

(/usr/share/texmf-dist/tex/latex/fontspec/fontspec-xetex.sty
Package: fontspec-xetex 2022/01/15 v2.8a Font selection for XeLaTeX and LuaLaTe
X
\l__fontspec_script_int=\count196
\l__fontspec_language_int=\count197
\l__fontspec_strnum_int=\count198
\l__fontspec_tmp_int=\count199
\l__fontspec_tmpa_int=\count266
\l__fontspec_tmpb_int=\count267
\l__fontspec_tmpc_int=\count268
\l__fontspec_em_int=\count269
\l__fontspec_emdef_int=\count270
\l__fontspec_strong_int=\count271
\l__fontspec_strongdef_int=\count272
\l__fontspec_tmpa_dim=\dimen140
\l__fontspec_tmpb_dim=\dimen141
\l__fontspec_tmpc_dim=\dimen142

(/usr/share/texmf-dist/tex/latex/base/fontenc.sty
Package: fontenc 2021/04/29 v2.0v Standard LaTeX package
)
(/usr/share/texmf-dist/tex/latex/fontspec/fontspec.cfg)))
(/usr/share/texmf-dist/tex/latex/amsmath/amsmath.sty
Package: amsmath 2021/10/15 v2.17l AMS math features
\@mathmargin=\skip49

For additional information on amsmath, use the `?' option.
(/usr/share/texmf-dist/tex/latex/amsmath/amstext.sty
Package: amstext 2021/08/26 v2.01 AMS text

(/usr/share/texmf-dist/tex/latex/amsmath/amsgen.sty
File: amsgen.sty 1999/11/30 v2.0 generic functions
\@emptytoks=\toks16
\ex@=\dimen143
))
(/usr/share/texmf-dist/tex/latex/amsmath/amsbsy.sty
Package: amsbsy 1999/11/29 v1.2d Bold Symbols
\pmbraise@=\dimen144
)
(/usr/share/texmf-dist/tex/latex/amsmath/amsopn.sty
Package: amsopn 2021/08/26 v2.02 operator names
)
\inf@bad=\count273
LaTeX Info: Redefining \frac on input line 234.
\uproot@=\count274
\leftroot@=\count275
LaTeX Info: Redefining \overline on input line 399.
\classnum@=\count276
\DOTSCASE@=\count277
LaTeX Info: Redefining \ldots on input line 496.
LaTeX Info: Redefining \dots on input line 499.
LaTeX Info: Redefining \cdots on input line 620.
\Mathstrutbox@=\box51
\strutbox@=\box52
\big@size=\dimen145
LaTeX Font Info:    Redeclaring font encoding OML on input line 743.
LaTeX Font Info:    Redeclaring font encoding OMS on input line 744.
\macc@depth=\count278
\c@MaxMatrixCols=\count279
\dotsspace@=\muskip16
\c@parentequation=\count280
\dspbrk@lvl=\count281
\tag@help=\toks17
\row@=\count282
\column@=\count283
\maxfields@=\count284
\andhelp@=\toks18
\eqnshift@=\dimen146
\alignsep@=\dimen147
\tagshift@=\dimen148
\tagwidth@=\dimen149
\totwidth@=\dimen150
\lineht@=\dimen151
\@envbody=\toks19
\multlinegap=\skip50
\multlinetaggap=\skip51
\mathdisplay@stack=\toks20
LaTeX Info: Redefining \[ on input line 2938.
LaTeX Info: Redefining \] on input line 2939.
)
(/usr/share/texmf-dist/tex/latex/amsfonts/amssymb.sty
Package: amssymb 2013/01/14 v3.01 AMS font symbols

(/usr/share/texmf-dist/tex/latex/amsfonts/amsfonts.sty
Package: amsfonts 2013/01/14 v3.01 Basic AMSFonts support
\symAMSa=\mathgroup4
\symAMSb=\mathgroup5
LaTeX Font Info:    Redeclaring math symbol \hbar on input line 98.
LaTeX Font Info:    Overwriting math alphabet `\mathfrak' in version `bold'
(Font)                  U/euf/m/n --> U/euf/b/n on input line 106.
))
(/usr/share/texmf-dist/tex/latex/polyglossia/polyglossia.sty
Package: polyglossia 2022/04/10 v1.55a Modern multilingual typesetting with XeL
aTeX and LuaLaTeX

(/usr/share/texmf-dist/tex/latex/etoolbox/etoolbox.sty
Package: etoolbox 2020/10/05 v2.5k e-TeX tools for LaTeX (JAW)
\etb@tempcnta=\count285
)
(/usr/share/texmf-dist/tex/latex/makecmds/makecmds.sty
Package: makecmds 2009/09/03 v1.0a extra command making commands
)
(/usr/share/texmf-dist/tex/latex/xkeyval/xkeyval.sty
Package: xkeyval 2020/11/20 v2.8 package option processing (HA)

(/usr/share/texmf-dist/tex/generic/xkeyval/xkeyval.tex
(/usr/share/texmf-dist/tex/generic/xkeyval/xkvutils.tex
\XKV@toks=\toks21
\XKV@tempa@toks=\toks22

(/usr/share/texmf-dist/tex/generic/xkeyval/keyval.tex))
\XKV@depth=\count286
File: xkeyval.tex 2014/12/03 v2.7a key=value parser (HA)
))
(/usr/share/texmf-dist/tex/generic/iftex/iftex.sty
Package: iftex 2022/02/03 v1.0f TeX engine tests
)
(/usr/share/texmf-dist/tex/latex/l3packages/l3keys2e/l3keys2e.sty
Package: l3keys2e 2022-01-12 LaTeX2e option processing using LaTeX3 keys
)
\xpg@normalclass=\XeTeXcharclass1

(/usr/share/texmf-dist/tex/latex/polyglossia/gloss-latex.lde
Package: gloss-latex 2021/07/10 vv1.53 polyglossia: module for default language

The property list \polyglossia@langsetup contains the pairs (without outer
braces):
>  {latex/script}  =>  {latin}
>  {latex/lcscript}  =>  {latin}
>  {latex/scripttag}  =>  {}
>  {latex/language}  =>  {Latex}
>  {latex/langtag}  =>  {ENG}
>  {latex/bcp47}  =>  {}
>  {latex/hyphennames}  =>  {english}
>  {latex/direction}  =>  {LR}
>  {latex/hyphenmins}  =>  {2,3}
>  {latex/frenchspacing}  =>  {false}
>  {latex/indentfirst}  =>  {false}
>  {latex/fontsetup}  =>  {true}
>  {latex/envname}  =>  {latex}
>  {latex/babelname}  =>  {latex}
>  {latex/localnumeral}  =>  {polyglossia@C@localnumeral}
>  {latex/Localnumeral}  =>  {polyglossia@C@localnumeral}
>  {latex/DefineCommandsCmd}  =>  {use_none:n}.
)
Package polyglossia Info: Default language is latex.
)
(/usr/share/texmf-dist/tex/latex/polyglossia/gloss-russian.ldf
File: gloss-russian.ldf polyglossia: module for russian

(/usr/share/texmf-dist/tex/latex/polyglossia/xpg-cyrillicnumbers.sty
Package: xpg-cyrillicnumbers 2019/11/15 v0.2 Formatting of Cyrillic alphabetic 
numbers
)
The property list \polyglossia@langsetup contains the pairs (without outer
braces):
>  {latex/script}  =>  {latin}
>  {latex/lcscript}  =>  {latin}
>  {latex/scripttag}  =>  {}
>  {latex/language}  =>  {Latex}
>  {latex/langtag}  =>  {ENG}
>  {latex/bcp47}  =>  {}
>  {latex/hyphennames}  =>  {english}
>  {latex/direction}  =>  {LR}
>  {latex/hyphenmins}  =>  {2,3}
>  {latex/frenchspacing}  =>  {false}
>  {latex/indentfirst}  =>  {false}
>  {latex/fontsetup}  =>  {true}
>  {latex/envname}  =>  {latex}
>  {latex/babelname}  =>  {latex}
>  {latex/localnumeral}  =>  {polyglossia@C@localnumeral}
>  {latex/Localnumeral}  =>  {polyglossia@C@localnumeral}
>  {latex/DefineCommandsCmd}  =>  {use_none:n}
>  {russian/script}  =>  {Cyrillic}
>  {russian/lcscript}  =>  {cyrillic}
>  {russian/scripttag}  =>  {cyrl}
>  {russian/language}  =>  {Russian}
>  {russian/langtag}  =>  {RUS}
>  {russian/bcp47}  =>  {ru}
>  {russian/hyphennames}  =>  {russian}
>  {russian/direction}  =>  {LR}
>  {russian/hyphenmins}  =>  {2,2}
>  {russian/frenchspacing}  =>  {true}
>  {russian/indentfirst}  =>  {true}
>  {russian/fontsetup}  =>  {true}
>  {russian/envname}  =>  {russian}
>  {russian/babelname}  =>  {russian}
>  {russian/localnumeral}  =>  {russiannumerals}
>  {russian/Localnumeral}  =>  {Russiannumerals}
>  {russian/DefineCommandsCmd}  =>  {xpg_define_language_commands:e}.
Package polyglossia Info: Option: Russian, numerals=arabic.

(/usr/share/texmf-dist/tex/latex/polyglossia/babelsh.def
File: babelsh.def 2019/09/30 Babel common definitions for shorthands
 Taken verbatim from babel files (2019/09/27 v3.34)
)
Package polyglossia Info: Making " an active character on input line 97.
)
Package polyglossia Info: Default language is russian.

Package fontspec Info: Font family 'DejaVuSerif(0)' created for font 'DejaVu
(fontspec)             Serif' with options [].
(fontspec)              
(fontspec)              This font family consists of the following NFSS
(fontspec)             series/shapes:
(fontspec)              
(fontspec)             - 'normal' (m/n) with NFSS spec.: <->"DejaVu
(fontspec)             Serif/OT:script=latn;language=dflt;"
(fontspec)             - 'small caps'  (m/sc) with NFSS spec.: 
(fontspec)             - 'bold' (b/n) with NFSS spec.: <->"DejaVu
(fontspec)             Serif/B/OT:script=latn;language=dflt;"
(fontspec)             - 'bold small caps'  (b/sc) with NFSS spec.: 
(fontspec)             - 'italic' (m/it) with NFSS spec.: <->"DejaVu
(fontspec)             Serif/I/OT:script=latn;language=dflt;"
(fontspec)             - 'italic small caps'  (m/scit) with NFSS spec.: 
(fontspec)             - 'bold italic' (b/it) with NFSS spec.: <->"DejaVu
(fontspec)             Serif/BI/OT:script=latn;language=dflt;"
(fontspec)             - 'bold italic small caps'  (b/scit) with NFSS spec.: 


Package fontspec Info: Font family 'DejaVuSans(0)' created for font 'DejaVu
(fontspec)             Sans' with options [].
(fontspec)              
(fontspec)              This font family consists of the following NFSS
(fontspec)             series/shapes:
(fontspec)              
(fontspec)             - 'normal' (m/n) with NFSS spec.: <->"DejaVu
(fontspec)             Sans/OT:script=latn;language=dflt;"
(fontspec)             - 'small caps'  (m/sc) with NFSS spec.: 
(fontspec)             - 'bold' (b/n) with NFSS spec.: <->"DejaVu
(fontspec)             Sans/B/OT:script=latn;language=dflt;"
(fontspec)             - 'bold small caps'  (b/sc) with NFSS spec.: 
(fontspec)             - 'italic' (m/it) with NFSS spec.: <->"DejaVu
(fontspec)             Sans/I/OT:script=latn;language=dflt;"
(fontspec)             - 'italic small caps'  (m/scit) with NFSS spec.: 
(fontspec)             - 'bold italic' (b/it) with NFSS spec.: <->"DejaVu
(fontspec)             Sans/BI/OT:script=latn;language=dflt;"
(fontspec)             - 'bold italic small caps'  (b/scit) with NFSS spec.: 


Package fontspec Info: Font family 'DejaVuSansMono(0)' created for font
(fontspec)             'DejaVu Sans Mono' with options [].
(fontspec)              
(fontspec)              This font family consists of the following NFSS
(fontspec)             series/shapes:
(fontspec)              
(fontspec)             - 'normal' (m/n) with NFSS spec.: <->"DejaVu Sans
(fontspec)             Mono/OT:script=latn;language=dflt;"
(fontspec)             - 'small caps'  (m/sc) with NFSS spec.: 
(fontspec)             - 'bold' (b/n) with NFSS spec.: <->"DejaVu Sans
(fontspec)             Mono/B/OT:script=latn;language=dflt;"
(fontspec)             - 'bold small caps'  (b/sc) with NFSS spec.: 
(fontspec)             - 'italic' (m/it) with NFSS spec.: <->"DejaVu Sans
(fontspec)             Mono/I/OT:script=latn;language=dflt;"
(fontspec)             - 'italic small caps'  (m/scit) with NFSS spec.: 
(fontspec)             - 'bold italic' (b/it) with NFSS spec.: <->"DejaVu Sans
(fontspec)             Mono/BI/OT:script=latn;language=dflt;"
(fontspec)             - 'bold italic small caps'  (b/scit) with NFSS spec.: 


(/usr/share/texmf-dist/tex/latex/fncychap/fncychap.sty
Package: fncychap 2007/07/30 v1.34 LaTeX package (Revised chapters)
\RW=\skip52
\mylen=\skip53
\myhi=\skip54
\px=\skip55
\py=\skip56
\pyy=\skip57
\pxx=\skip58
) (./sphinx.sty
Package: sphinx 2021/01/27 v4.0.0 LaTeX package (Sphinx markup)

(/usr/share/texmf-dist/tex/generic/ltxcmds/ltxcmds.sty
Package: ltxcmds 2020-05-10 v1.25 LaTeX kernel commands for general use (HO)
)
(/usr/share/texmf-dist/tex/latex/xcolor/xcolor.sty
Package: xcolor 2021/10/31 v2.13 LaTeX color extensions (UK)

(/usr/share/texmf-dist/tex/latex/graphics-cfg/color.cfg
File: color.cfg 2016/01/02 v1.6 sample color configuration
)
Package xcolor Info: Driver file: xetex.def on input line 227.

(/usr/share/texmf-dist/tex/latex/graphics-def/xetex.def
File: xetex.def 2022/04/12 v5.0l Graphics/color driver for xetex
)
Package xcolor Info: Model `cmy' substituted by `cmy0' on input line 1352.
Package xcolor Info: Model `RGB' extended on input line 1368.
Package xcolor Info: Model `HTML' substituted by `rgb' on input line 1370.
Package xcolor Info: Model `Hsb' substituted by `hsb' on input line 1371.
Package xcolor Info: Model `tHsb' substituted by `hsb' on input line 1372.
Package xcolor Info: Model `HSB' substituted by `hsb' on input line 1373.
Package xcolor Info: Model `Gray' substituted by `gray' on input line 1374.
Package xcolor Info: Model `wave' substituted by `hsb' on input line 1375.
)
(/usr/share/texmf-dist/tex/latex/kvoptions/kvoptions.sty
Package: kvoptions 2020-10-07 v3.14 Key value format for package options (HO)

(/usr/share/texmf-dist/tex/generic/kvsetkeys/kvsetkeys.sty
Package: kvsetkeys 2019/12/15 v1.18 Key value parser (HO)
))
\sphinxverbatimsep=\dimen152
\sphinxverbatimborder=\dimen153
\sphinxshadowsep=\dimen154
\sphinxshadowsize=\dimen155
\sphinxshadowrule=\dimen156
\spx@notice@border=\dimen157

(./sphinxoptionshyperref.sty
File: sphinxoptionshyperref.sty 2021/01/27 hyperref
) (./sphinxoptionsgeometry.sty
File: sphinxoptionsgeometry.sty 2021/01/27 geometry
)
(/usr/share/texmf-dist/tex/latex/base/textcomp.sty
Package: textcomp 2020/02/02 v2.0n Standard LaTeX package
)
(/usr/share/texmf-dist/tex/latex/float/float.sty
Package: float 2001/11/08 v1.3d Float enhancements (AL)
\c@float@type=\count287
\float@exts=\toks23
\float@box=\box53
\@float@everytoks=\toks24
\@floatcapt=\box54
)
(/usr/share/texmf-dist/tex/latex/wrapfig/wrapfig.sty
\wrapoverhang=\dimen158
\WF@size=\dimen159
\c@WF@wrappedlines=\count288
\WF@box=\box55
\WF@everypar=\toks25
Package: wrapfig 2003/01/31  v 3.6
)
(/usr/share/texmf-dist/tex/latex/capt-of/capt-of.sty
Package: capt-of 2009/12/29 v0.2 standard captions outside of floats
)
(/usr/share/texmf-dist/tex/latex/tools/multicol.sty
Package: multicol 2021/10/28 v1.9b multicolumn formatting (FMi)
\c@tracingmulticols=\count289
\mult@box=\box56
\multicol@leftmargin=\dimen160
\c@unbalance=\count290
\c@collectmore=\count291
\doublecol@number=\count292
\multicoltolerance=\count293
\multicolpretolerance=\count294
\full@width=\dimen161
\page@free=\dimen162
\premulticols=\dimen163
\postmulticols=\dimen164
\multicolsep=\skip59
\multicolbaselineskip=\skip60
\partial@page=\box57
\last@line=\box58
\maxbalancingoverflow=\dimen165
\mult@rightbox=\box59
\mult@grightbox=\box60
\mult@firstbox=\box61
\mult@gfirstbox=\box62
\@tempa=\box63
\@tempa=\box64
\@tempa=\box65
\@tempa=\box66
\@tempa=\box67
\@tempa=\box68
\@tempa=\box69
\@tempa=\box70
\@tempa=\box71
\@tempa=\box72
\@tempa=\box73
\@tempa=\box74
\@tempa=\box75
\@tempa=\box76
\@tempa=\box77
\@tempa=\box78
\@tempa=\box79
\@tempa=\box80
\@tempa=\box81
\@tempa=\box82
\@tempa=\box83
\@tempa=\box84
\@tempa=\box85
\@tempa=\box86
\@tempa=\box87
\@tempa=\box88
\@tempa=\box89
\@tempa=\box90
\@tempa=\box91
\@tempa=\box92
\@tempa=\box93
\@tempa=\box94
\@tempa=\box95
\@tempa=\box96
\@tempa=\box97
\@tempa=\box98
\c@minrows=\count295
\c@columnbadness=\count296
\c@finalcolumnbadness=\count297
\last@try=\dimen166
\multicolovershoot=\dimen167
\multicolundershoot=\dimen168
\mult@nat@firstbox=\box99
\colbreak@box=\box100
\mc@col@check@num=\count298
)
(/usr/share/texmf-dist/tex/latex/graphics/graphicx.sty
Package: graphicx 2021/09/16 v1.2d Enhanced LaTeX Graphics (DPC,SPQR)

(/usr/share/texmf-dist/tex/latex/graphics/graphics.sty
Package: graphics 2021/03/04 v1.4d Standard LaTeX Graphics (DPC,SPQR)

(/usr/share/texmf-dist/tex/latex/graphics/trig.sty
Package: trig 2021/08/11 v1.11 sin cos tan (DPC)
)
(/usr/share/texmf-dist/tex/latex/graphics-cfg/graphics.cfg
File: graphics.cfg 2016/06/04 v1.11 sample graphics configuration
)
Package graphics Info: Driver file: xetex.def on input line 107.
)
\Gin@req@height=\dimen169
\Gin@req@width=\dimen170
)
(./sphinxlatexgraphics.sty
File: sphinxlatexgraphics.sty 2021/01/27 graphics
\spx@image@maxheight=\dimen171
\spx@image@box=\box101
) (./sphinxlatexadmonitions.sty
File: sphinxlatexadmonitions.sty 2021/01/27 admonitions

(/usr/share/texmf-dist/tex/latex/framed/framed.sty
Package: framed 2011/10/22 v 0.96: framed or shaded text with page breaks
\OuterFrameSep=\skip61
\fb@frw=\dimen172
\fb@frh=\dimen173
\FrameRule=\dimen174
\FrameSep=\dimen175
)) (./sphinxlatexliterals.sty
File: sphinxlatexliterals.sty 2021/12/06 code-blocks and parsed literals
(/usr/share/texmf-dist/tex/latex/fancyvrb/fancyvrb.sty
Package: fancyvrb 2022/04/12 4.2 verbatim text (tvz,hv)
\FV@CodeLineNo=\count299
\FV@InFile=\read2
\FV@TabBox=\box102
\c@FancyVerbLine=\count300
\FV@StepNumber=\count301
\FV@OutFile=\write3
)
(/usr/share/texmf-dist/tex/latex/base/alltt.sty
Package: alltt 2021/01/29 v2.0g defines alltt environment
)
(/usr/share/texmf-dist/tex/latex/upquote/upquote.sty
Package: upquote 2012/04/19 v1.3 upright-quote and grave-accent glyphs in verba
tim
)
(/usr/share/texmf-dist/tex/latex/needspace/needspace.sty
Package: needspace 2010/09/12 v1.3d reserve vertical space
)
\sphinxcontinuationbox=\box103
\sphinxvisiblespacebox=\box104
\sphinxVerbatim@TitleBox=\box105
\sphinxVerbatim@ContentsBox=\box106
\spx@scratchbox=\box107
)
(./sphinxlatexshadowbox.sty
File: sphinxlatexshadowbox.sty 2021/01/27 sphinxShadowBox
) (./sphinxlatexcontainers.sty
File: sphinxlatexcontainers.sty 2021/05/03 containers
)
(./sphinxhighlight.sty
Package: sphinxhighlight 2016/05/29 stylesheet for highlighting with pygments
) (./sphinxlatextables.sty
File: sphinxlatextables.sty 2021/01/27 tables

(/usr/share/texmf-dist/tex/latex/tabulary/tabulary.sty
Package: tabulary 2014/06/11 v0.10 tabulary package (DPC)

(/usr/share/texmf-dist/tex/latex/tools/array.sty
Package: array 2021/10/04 v2.5f Tabular extension package (FMi)
\col@sep=\dimen176
\ar@mcellbox=\box108
\extrarowheight=\dimen177
\NC@list=\toks26
\extratabsurround=\skip62
\backup@length=\skip63
\ar@cellbox=\box109
)
\TY@count=\count302
\TY@linewidth=\dimen178
\tymin=\dimen179
\tymax=\dimen180
\TY@tablewidth=\dimen181
)
(/usr/share/texmf-dist/tex/latex/tools/longtable.sty
Package: longtable 2021-09-01 v4.17 Multi-page Table package (DPC)
\LTleft=\skip64
\LTright=\skip65
\LTpre=\skip66
\LTpost=\skip67
\LTchunksize=\count303
\LTcapwidth=\dimen182
\LT@head=\box110
\LT@firsthead=\box111
\LT@foot=\box112
\LT@lastfoot=\box113
\LT@gbox=\box114
\LT@cols=\count304
\LT@rows=\count305
\c@LT@tables=\count306
\c@LT@chunks=\count307
\LT@p@ftn=\toks27
)
(/usr/share/texmf-dist/tex/latex/varwidth/varwidth.sty
Package: varwidth 2009/03/30 ver 0.92;  Variable-width minipages
\@vwid@box=\box115
\sift@deathcycles=\count308
\@vwid@loff=\dimen183
\@vwid@roff=\dimen184
)
\sphinx@TY@tablewidth=\dimen185
)
(./sphinxlatexnumfig.sty
File: sphinxlatexnumfig.sty 2021/01/27 numbering
) (./sphinxlatexlists.sty
File: sphinxlatexlists.sty 2021/12/20 lists
\spx@lineitemlabel=\toks28
)
\c@sphinxscope=\count309
 (./sphinxpackagefootnote.sty
Package: sphinxpackagefootnote 2022/02/12 v4.5.0 Sphinx custom footnotehyper pa
ckage (Sphinx team)
\FNH@notes=\box116
\FNH@toks=\toks29
\FNH@width=\dimen186
\c@sphinxfootnotemark=\count310
) (./sphinxlatexindbibtoc.sty
File: sphinxlatexindbibtoc.sty 2021/01/27 index, bib., toc
 (/usr/share/texmf-dist/tex/latex/base/makeidx.sty
Package: makeidx 2021/10/04 v1.0m Standard LaTeX package
)) (./sphinxlatexstylepage.sty
File: sphinxlatexstylepage.sty 2021/01/27 page styling

(/usr/share/texmf-dist/tex/latex/parskip/parskip.sty
Rollback for package 'parskip' requested -> version 'v1'.
         This corresponds to the release introduced on 2001-04-09.

(/usr/share/texmf-dist/tex/latex/parskip/parskip-2001-04-09.sty
Package: parskip 2001/04/09 non-zero parskip adjustments
))
(/usr/share/texmf-dist/tex/latex/fancyhdr/fancyhdr.sty
Package: fancyhdr 2021/01/28 v4.0.1 Extensive control of page headers and foote
rs
\f@nch@headwidth=\skip68
\f@nch@O@elh=\skip69
\f@nch@O@erh=\skip70
\f@nch@O@olh=\skip71
\f@nch@O@orh=\skip72
\f@nch@O@elf=\skip73
\f@nch@O@erf=\skip74
\f@nch@O@olf=\skip75
\f@nch@O@orf=\skip76
))
(./sphinxlatexstyleheadings.sty
File: sphinxlatexstyleheadings.sty 2021/01/27 headings

(/usr/share/texmf-dist/tex/latex/titlesec/titlesec.sty
Package: titlesec 2021/07/05 v2.14 Sectioning titles
\ttl@box=\box117
\beforetitleunit=\skip77
\aftertitleunit=\skip78
\ttl@plus=\dimen187
\ttl@minus=\dimen188
\ttl@toksa=\toks30
\titlewidth=\dimen189
\titlewidthlast=\dimen190
\titlewidthfirst=\dimen191
))
(./sphinxlatexstyletext.sty
File: sphinxlatexstyletext.sty 2021/12/06 text styling
) (./sphinxlatexobjects.sty
File: sphinxlatexobjects.sty 2022/01/13 documentation environments
\sphinxsignaturesep=\skip79
\py@argswidth=\skip80
\lineblockindentation=\skip81
\DUlineblockindent=\skip82
))
(/usr/share/texmf-dist/tex/latex/geometry/geometry.sty
Package: geometry 2020/01/02 v5.9 Page Geometry

(/usr/share/texmf-dist/tex/generic/iftex/ifvtex.sty
Package: ifvtex 2019/10/25 v1.7 ifvtex legacy package. Use iftex instead.
)
\Gm@cnth=\count311
\Gm@cntv=\count312
\c@Gm@tempcnt=\count313
\Gm@bindingoffset=\dimen192
\Gm@wd@mp=\dimen193
\Gm@odd@mp=\dimen194
\Gm@even@mp=\dimen195
\Gm@layoutwidth=\dimen196
\Gm@layoutheight=\dimen197
\Gm@layouthoffset=\dimen198
\Gm@layoutvoffset=\dimen199
\Gm@dimlist=\toks31
)
(/usr/share/texmf-dist/tex/latex/hyperref/hyperref.sty
Package: hyperref 2022-02-21 v7.00n Hypertext links for LaTeX

(/usr/share/texmf-dist/tex/generic/pdftexcmds/pdftexcmds.sty
Package: pdftexcmds 2020-06-27 v0.33 Utility functions of pdfTeX for LuaTeX (HO
)

(/usr/share/texmf-dist/tex/generic/infwarerr/infwarerr.sty
Package: infwarerr 2019/12/03 v1.5 Providing info/warning/error messages (HO)
)
Package pdftexcmds Info: \pdf@primitive is available.
Package pdftexcmds Info: \pdf@ifprimitive is available.
Package pdftexcmds Info: \pdfdraftmode not found.
)
(/usr/share/texmf-dist/tex/generic/kvdefinekeys/kvdefinekeys.sty
Package: kvdefinekeys 2019-12-19 v1.6 Define keys (HO)
)
(/usr/share/texmf-dist/tex/generic/pdfescape/pdfescape.sty
Package: pdfescape 2019/12/09 v1.15 Implements pdfTeX's escape features (HO)
)
(/usr/share/texmf-dist/tex/latex/hycolor/hycolor.sty
Package: hycolor 2020-01-27 v1.10 Color options for hyperref/bookmark (HO)
)
(/usr/share/texmf-dist/tex/latex/letltxmacro/letltxmacro.sty
Package: letltxmacro 2019/12/03 v1.6 Let assignment for LaTeX macros (HO)
)
(/usr/share/texmf-dist/tex/latex/auxhook/auxhook.sty
Package: auxhook 2019-12-17 v1.6 Hooks for auxiliary files (HO)
)
\@linkdim=\dimen256
\Hy@linkcounter=\count314
\Hy@pagecounter=\count315

(/usr/share/texmf-dist/tex/latex/hyperref/pd1enc.def
File: pd1enc.def 2022-02-21 v7.00n Hyperref: PDFDocEncoding definition (HO)
)
(/usr/share/texmf-dist/tex/generic/intcalc/intcalc.sty
Package: intcalc 2019/12/15 v1.3 Expandable calculations with integers (HO)
)
(/usr/share/texmf-dist/tex/generic/etexcmds/etexcmds.sty
Package: etexcmds 2019/12/15 v1.7 Avoid name clashes with e-TeX commands (HO)
)
\Hy@SavedSpaceFactor=\count316

(/usr/share/texmf-dist/tex/latex/hyperref/puenc.def
File: puenc.def 2022-02-21 v7.00n Hyperref: PDF Unicode definition (HO)
)
Package hyperref Info: Option `unicode' set `true' on input line 4018.
Package hyperref Info: Option `hyperindex' set `false' on input line 4018.
Package hyperref Info: Option `unicode' set `true' on input line 4018.
Package hyperref Info: Option `colorlinks' set `true' on input line 4018.
Package hyperref Info: Option `breaklinks' set `true' on input line 4018.
Package hyperref Info: Hyper figures OFF on input line 4137.
Package hyperref Info: Link nesting OFF on input line 4142.
Package hyperref Info: Hyper index OFF on input line 4147.
Package hyperref Info: Plain pages OFF on input line 4152.
Package hyperref Info: Backreferencing OFF on input line 4157.
Package hyperref Info: Implicit mode ON; LaTeX internals redefined.
Package hyperref Info: Bookmarks ON on input line 4390.
\c@Hy@tempcnt=\count317

(/usr/share/texmf-dist/tex/latex/url/url.sty
\Urlmuskip=\muskip17
Package: url 2013/09/16  ver 3.4  Verb mode for urls, etc.
)
LaTeX Info: Redefining \url on input line 4749.
\XeTeXLinkMargin=\dimen257

(/usr/share/texmf-dist/tex/generic/bitset/bitset.sty
Package: bitset 2019/12/09 v1.3 Handle bit-vector datatype (HO)

(/usr/share/texmf-dist/tex/generic/bigintcalc/bigintcalc.sty
Package: bigintcalc 2019/12/15 v1.5 Expandable calculations on big integers (HO
)
))
\Fld@menulength=\count318
\Field@Width=\dimen258
\Fld@charsize=\dimen259
Package hyperref Info: Hyper figures OFF on input line 6027.
Package hyperref Info: Link nesting OFF on input line 6032.
Package hyperref Info: Hyper index OFF on input line 6037.
Package hyperref Info: backreferencing OFF on input line 6042.
Package hyperref Info: Link coloring ON on input line 6045.
Package hyperref Info: Link coloring with OCG OFF on input line 6052.
Package hyperref Info: PDF/A mode OFF on input line 6057.
LaTeX Info: Redefining \ref on input line 6097.
LaTeX Info: Redefining \pageref on input line 6101.

(/usr/share/texmf-dist/tex/latex/base/atbegshi-ltx.sty
Package: atbegshi-ltx 2021/01/10 v1.0c Emulation of the original atbegshi
package with kernel methods
)
\Hy@abspage=\count319
\c@Item=\count320
\c@Hfootnote=\count321
)
Package hyperref Info: Driver (autodetected): hxetex.

(/usr/share/texmf-dist/tex/latex/hyperref/hxetex.def
File: hxetex.def 2022-02-21 v7.00n Hyperref driver for XeTeX

(/usr/share/texmf-dist/tex/generic/stringenc/stringenc.sty
Package: stringenc 2019/11/29 v1.12 Convert strings between diff. encodings (HO
)
)
\pdfm@box=\box118
\c@Hy@AnnotLevel=\count322
\HyField@AnnotCount=\count323
\Fld@listcount=\count324
\c@bookmark@seq@number=\count325

(/usr/share/texmf-dist/tex/latex/rerunfilecheck/rerunfilecheck.sty
Package: rerunfilecheck 2019/12/05 v1.9 Rerun checks for auxiliary files (HO)

(/usr/share/texmf-dist/tex/latex/base/atveryend-ltx.sty
Package: atveryend-ltx 2020/08/19 v1.0a Emulation of the original atveryend pac
kage
with kernel methods
)
(/usr/share/texmf-dist/tex/generic/uniquecounter/uniquecounter.sty
Package: uniquecounter 2019/12/15 v1.4 Provide unlimited unique counter (HO)
)
Package uniquecounter Info: New unique counter `rerunfilecheck' on input line 2
86.
)
\Hy@SectionHShift=\skip83
)
(/usr/share/texmf-dist/tex/latex/oberdiek/hypcap.sty
Package: hypcap 2016/05/16 v1.12 Adjusting the anchors of captions (HO)
) (./sphinxmessages.sty
Package: sphinxmessages 2019/01/04 v2.0 Localized LaTeX macros (Sphinx team)
)
\@indexfile=\write4
\openout4 = `ARU.idx'.


Writing index file ARU.idx
(./ARU.aux

Package fontspec Info: Font family 'DejaVuSerif(1)' created for font 'DejaVu
(fontspec)             Serif' with options [Script=Cyrillic].
(fontspec)              
(fontspec)              This font family consists of the following NFSS
(fontspec)             series/shapes:
(fontspec)              
(fontspec)             - 'normal' (m/n) with NFSS spec.: <->"DejaVu
(fontspec)             Serif/OT:script=cyrl;language=dflt;"
(fontspec)             - 'small caps'  (m/sc) with NFSS spec.: 
(fontspec)             - 'bold' (b/n) with NFSS spec.: <->"DejaVu
(fontspec)             Serif/B/OT:script=cyrl;language=dflt;"
(fontspec)             - 'bold small caps'  (b/sc) with NFSS spec.: 
(fontspec)             - 'italic' (m/it) with NFSS spec.: <->"DejaVu
(fontspec)             Serif/I/OT:script=cyrl;language=dflt;"
(fontspec)             - 'italic small caps'  (m/scit) with NFSS spec.: 
(fontspec)             - 'bold italic' (b/it) with NFSS spec.: <->"DejaVu
(fontspec)             Serif/BI/OT:script=cyrl;language=dflt;"
(fontspec)             - 'bold italic small caps'  (b/scit) with NFSS spec.: 

)
\openout1 = `ARU.aux'.

LaTeX Font Info:    Checking defaults for OML/cmm/m/it on input line 67.
LaTeX Font Info:    ... okay on input line 67.
LaTeX Font Info:    Checking defaults for OMS/cmsy/m/n on input line 67.
LaTeX Font Info:    ... okay on input line 67.
LaTeX Font Info:    Checking defaults for OT1/cmr/m/n on input line 67.
LaTeX Font Info:    ... okay on input line 67.
LaTeX Font Info:    Checking defaults for T1/cmr/m/n on input line 67.
LaTeX Font Info:    ... okay on input line 67.
LaTeX Font Info:    Checking defaults for TS1/cmr/m/n on input line 67.
LaTeX Font Info:    Trying to load font information for TS1+cmr on input line 6
7.
 (/usr/share/texmf-dist/tex/latex/base/ts1cmr.fd
File: ts1cmr.fd 2019/12/16 v2.5j Standard LaTeX font definitions
)
LaTeX Font Info:    ... okay on input line 67.
LaTeX Font Info:    Checking defaults for TU/lmr/m/n on input line 67.
LaTeX Font Info:    ... okay on input line 67.
LaTeX Font Info:    Checking defaults for OMX/cmex/m/n on input line 67.
LaTeX Font Info:    ... okay on input line 67.
LaTeX Font Info:    Checking defaults for U/cmr/m/n on input line 67.
LaTeX Font Info:    ... okay on input line 67.
LaTeX Font Info:    Checking defaults for PD1/pdf/m/n on input line 67.
LaTeX Font Info:    ... okay on input line 67.
LaTeX Font Info:    Checking defaults for PU/pdf/m/n on input line 67.
LaTeX Font Info:    ... okay on input line 67.

Package fontspec Info: Adjusting the maths setup (use [no-math] to avoid
(fontspec)             this).

\symlegacymaths=\mathgroup6
LaTeX Font Info:    Overwriting symbol font `legacymaths' in version `bold'
(Font)                  OT1/cmr/m/n --> OT1/cmr/bx/n on input line 67.
LaTeX Font Info:    Redeclaring math accent \acute on input line 67.
LaTeX Font Info:    Redeclaring math accent \grave on input line 67.
LaTeX Font Info:    Redeclaring math accent \ddot on input line 67.
LaTeX Font Info:    Redeclaring math accent \tilde on input line 67.
LaTeX Font Info:    Redeclaring math accent \bar on input line 67.
LaTeX Font Info:    Redeclaring math accent \breve on input line 67.
LaTeX Font Info:    Redeclaring math accent \check on input line 67.
LaTeX Font Info:    Redeclaring math accent \hat on input line 67.
LaTeX Font Info:    Redeclaring math accent \dot on input line 67.
LaTeX Font Info:    Redeclaring math accent \mathring on input line 67.
LaTeX Font Info:    Redeclaring math symbol \Gamma on input line 67.
LaTeX Font Info:    Redeclaring math symbol \Delta on input line 67.
LaTeX Font Info:    Redeclaring math symbol \Theta on input line 67.
LaTeX Font Info:    Redeclaring math symbol \Lambda on input line 67.
LaTeX Font Info:    Redeclaring math symbol \Xi on input line 67.
LaTeX Font Info:    Redeclaring math symbol \Pi on input line 67.
LaTeX Font Info:    Redeclaring math symbol \Sigma on input line 67.
LaTeX Font Info:    Redeclaring math symbol \Upsilon on input line 67.
LaTeX Font Info:    Redeclaring math symbol \Phi on input line 67.
LaTeX Font Info:    Redeclaring math symbol \Psi on input line 67.
LaTeX Font Info:    Redeclaring math symbol \Omega on input line 67.
LaTeX Font Info:    Redeclaring math symbol \mathdollar on input line 67.
LaTeX Font Info:    Redeclaring symbol font `operators' on input line 67.
LaTeX Font Info:    Encoding `OT1' has changed to `TU' for symbol font
(Font)              `operators' in the math version `normal' on input line 67.
LaTeX Font Info:    Overwriting symbol font `operators' in version `normal'
(Font)                  OT1/cmr/m/n --> TU/DejaVuSerif(0)/m/n on input line 67.

LaTeX Font Info:    Encoding `OT1' has changed to `TU' for symbol font
(Font)              `operators' in the math version `bold' on input line 67.
LaTeX Font Info:    Overwriting symbol font `operators' in version `bold'
(Font)                  OT1/cmr/bx/n --> TU/DejaVuSerif(0)/m/n on input line 67
.
LaTeX Font Info:    Overwriting symbol font `operators' in version `normal'
(Font)                  TU/DejaVuSerif(0)/m/n --> TU/DejaVuSerif(0)/m/n on inpu
t line 67.
LaTeX Font Info:    Overwriting math alphabet `\mathit' in version `normal'
(Font)                  OT1/cmr/m/it --> TU/DejaVuSerif(0)/m/it on input line 6
7.
LaTeX Font Info:    Overwriting math alphabet `\mathbf' in version `normal'
(Font)                  OT1/cmr/bx/n --> TU/DejaVuSerif(0)/b/n on input line 67
.
LaTeX Font Info:    Overwriting math alphabet `\mathsf' in version `normal'
(Font)                  OT1/cmss/m/n --> TU/DejaVuSans(0)/m/n on input line 67.

LaTeX Font Info:    Overwriting math alphabet `\mathtt' in version `normal'
(Font)                  OT1/cmtt/m/n --> TU/DejaVuSansMono(0)/m/n on input line
 67.
LaTeX Font Info:    Overwriting symbol font `operators' in version `bold'
(Font)                  TU/DejaVuSerif(0)/m/n --> TU/DejaVuSerif(0)/b/n on inpu
t line 67.
LaTeX Font Info:    Overwriting math alphabet `\mathit' in version `bold'
(Font)                  OT1/cmr/bx/it --> TU/DejaVuSerif(0)/b/it on input line 
67.
LaTeX Font Info:    Overwriting math alphabet `\mathsf' in version `bold'
(Font)                  OT1/cmss/bx/n --> TU/DejaVuSans(0)/b/n on input line 67
.
LaTeX Font Info:    Overwriting math alphabet `\mathtt' in version `bold'
(Font)                  OT1/cmtt/m/n --> TU/DejaVuSansMono(0)/b/n on input line
 67.
The property list \__xpg_alias contains the pairs (without outer braces):
>  {latex/target}  =>  {latex}
>  {russian/target}  =>  {russian}
>  {ru/target}  =>  {russian}
>  {ru-luna1918/target}  =>  {russian}
>  {ru-luna1918/options}  =>  {spelling=modern}
>  {ru-petr1708/target}  =>  {russian}
>  {ru-petr1708/options}  =>  {spelling=old}.
\c@literalblock=\count326

*geometry* driver: auto-detecting
*geometry* detected driver: xetex
*geometry* verbose mode - [ preamble ] result:
* driver: xetex
* paper: letterpaper
* layout: <same size as paper>
* layoutoffset:(h,v)=(0.0pt,0.0pt)
* modes: twoside 
* h-part:(L,W,R)=(72.26999pt, 469.75502pt, 72.26999pt)
* v-part:(T,H,B)=(72.26999pt, 650.43001pt, 72.26999pt)
* \paperwidth=614.295pt
* \paperheight=794.96999pt
* \textwidth=469.75502pt
* \textheight=650.43001pt
* \oddsidemargin=0.0pt
* \evensidemargin=0.0pt
* \topmargin=-37.0pt
* \headheight=12.0pt
* \headsep=25.0pt
* \topskip=10.0pt
* \footskip=30.0pt
* \marginparwidth=36.135pt
* \marginparsep=11.0pt
* \columnsep=10.0pt
* \skip\footins=9.0pt plus 4.0pt minus 2.0pt
* \hoffset=0.0pt
* \voffset=0.0pt
* \mag=1000
* \@twocolumnfalse
* \@twosidetrue
* \@mparswitchtrue
* \@reversemarginfalse
* (1in=72.27pt=25.4mm, 1cm=28.453pt)

Package hyperref Info: Link coloring ON on input line 67.
(/usr/share/texmf-dist/tex/latex/hyperref/nameref.sty
Package: nameref 2021-04-02 v2.47 Cross-referencing by name of section

(/usr/share/texmf-dist/tex/latex/refcount/refcount.sty
Package: refcount 2019/12/15 v3.6 Data extraction from label references (HO)
)
(/usr/share/texmf-dist/tex/generic/gettitlestring/gettitlestring.sty
Package: gettitlestring 2019/12/15 v1.6 Cleanup title references (HO)
)
\c@section@level=\count327
)
LaTeX Info: Redefining \ref on input line 67.
LaTeX Info: Redefining \pageref on input line 67.
LaTeX Info: Redefining \nameref on input line 67.

(./ARU.out) (./ARU.out)
\@outlinefile=\write5
\openout5 = `ARU.out'.

Package hyperref Info: Option `pageanchor' set `false' on input line 70.

Package fontspec Info: Font family 'DejaVuSans(1)' created for font 'DejaVu
(fontspec)             Sans' with options [Script=Cyrillic].
(fontspec)              
(fontspec)              This font family consists of the following NFSS
(fontspec)             series/shapes:
(fontspec)              
(fontspec)             - 'normal' (m/n) with NFSS spec.: <->"DejaVu
(fontspec)             Sans/OT:script=cyrl;language=dflt;"
(fontspec)             - 'small caps'  (m/sc) with NFSS spec.: 
(fontspec)             - 'bold' (b/n) with NFSS spec.: <->"DejaVu
(fontspec)             Sans/B/OT:script=cyrl;language=dflt;"
(fontspec)             - 'bold small caps'  (b/sc) with NFSS spec.: 
(fontspec)             - 'italic' (m/it) with NFSS spec.: <->"DejaVu
(fontspec)             Sans/I/OT:script=cyrl;language=dflt;"
(fontspec)             - 'italic small caps'  (m/scit) with NFSS spec.: 
(fontspec)             - 'bold italic' (b/it) with NFSS spec.: <->"DejaVu
(fontspec)             Sans/BI/OT:script=cyrl;language=dflt;"
(fontspec)             - 'bold italic small caps'  (b/scit) with NFSS spec.: 

LaTeX Font Info:    Trying to load font information for U+msa on input line 70.

 (/usr/share/texmf-dist/tex/latex/amsfonts/umsa.fd
File: umsa.fd 2013/01/14 v3.01 AMS symbols A
)
LaTeX Font Info:    Trying to load font information for U+msb on input line 70.


(/usr/share/texmf-dist/tex/latex/amsfonts/umsb.fd
File: umsb.fd 2013/01/14 v3.01 AMS symbols B
) [1

] (./ARU.toc [1



] [2]
Overfull \hbox (3.58688pt too wide) detected at line 85
 []\TU/DejaVuSerif(1)/m/n/10 103
 []


Overfull \hbox (3.58688pt too wide) detected at line 86
 []\TU/DejaVuSerif(1)/m/n/10 104
 []


Overfull \hbox (3.58688pt too wide) detected at line 87
 []\TU/DejaVuSerif(1)/m/n/10 104
 []


Overfull \hbox (3.58688pt too wide) detected at line 88
 []\TU/DejaVuSerif(1)/m/n/10 107
 []


Overfull \hbox (3.58688pt too wide) detected at line 89
 []\TU/DejaVuSerif(1)/m/n/10 108
 []


Overfull \hbox (3.58688pt too wide) detected at line 90
 []\TU/DejaVuSerif(1)/m/n/10 108
 []


Overfull \hbox (3.58688pt too wide) detected at line 91
 []\TU/DejaVuSerif(1)/m/n/10 109
 []


Overfull \hbox (3.58688pt too wide) detected at line 93
 []\TU/DejaVuSerif(1)/m/n/10 111
 []


Overfull \hbox (3.58688pt too wide) detected at line 95
 []\TU/DejaVuSerif(1)/m/n/10 113
 []


Overfull \hbox (3.58688pt too wide) detected at line 96
 []\TU/DejaVuSerif(1)/m/n/10 114
 []


Overfull \hbox (3.58688pt too wide) detected at line 97
 []\TU/DejaVuSerif(1)/m/n/10 114
 []


Overfull \hbox (3.58688pt too wide) detected at line 98
 []\TU/DejaVuSerif(1)/m/n/10 114
 []


Overfull \hbox (3.58688pt too wide) detected at line 99
 []\TU/DejaVuSerif(1)/m/n/10 115
 []


Overfull \hbox (3.58688pt too wide) detected at line 100
 []\TU/DejaVuSerif(1)/m/n/10 117
 []


Overfull \hbox (3.58688pt too wide) detected at line 101
 []\TU/DejaVuSerif(1)/m/n/10 117
 []


Overfull \hbox (3.58688pt too wide) detected at line 102
 []\TU/DejaVuSerif(1)/m/n/10 117
 []


Overfull \hbox (3.58688pt too wide) detected at line 103
 []\TU/DejaVuSerif(1)/m/n/10 118
 []


Overfull \hbox (3.58688pt too wide) detected at line 104
 []\TU/DejaVuSerif(1)/m/n/10 119
 []


Overfull \hbox (3.58688pt too wide) detected at line 105
 []\TU/DejaVuSerif(1)/m/n/10 119
 []


Overfull \hbox (3.58688pt too wide) detected at line 106
 []\TU/DejaVuSerif(1)/m/n/10 120
 []


Overfull \hbox (3.58688pt too wide) detected at line 107
 []\TU/DejaVuSerif(1)/m/n/10 121
 []


Overfull \hbox (3.58688pt too wide) detected at line 108
 []\TU/DejaVuSerif(1)/m/n/10 123
 []


Overfull \hbox (3.58688pt too wide) detected at line 109
 []\TU/DejaVuSerif(1)/m/n/10 125
 []


Overfull \hbox (3.58688pt too wide) detected at line 110
 []\TU/DejaVuSerif(1)/m/n/10 126
 []


Overfull \hbox (3.58688pt too wide) detected at line 111
 []\TU/DejaVuSerif(1)/m/n/10 127
 []


Overfull \hbox (3.58688pt too wide) detected at line 112
 []\TU/DejaVuSerif(1)/m/n/10 128
 []


Overfull \hbox (3.58688pt too wide) detected at line 113
 []\TU/DejaVuSerif(1)/m/n/10 128
 []


Overfull \hbox (3.58688pt too wide) detected at line 114
 []\TU/DejaVuSerif(1)/m/n/10 129
 []


Overfull \hbox (3.58688pt too wide) detected at line 115
 []\TU/DejaVuSerif(1)/m/n/10 129
 []


Overfull \hbox (3.58688pt too wide) detected at line 116
 []\TU/DejaVuSerif(1)/m/n/10 131
 []


Overfull \hbox (3.58688pt too wide) detected at line 117
 []\TU/DejaVuSerif(1)/m/n/10 131
 []


Overfull \hbox (3.58688pt too wide) detected at line 118
 []\TU/DejaVuSerif(1)/m/n/10 131
 []


Overfull \hbox (3.58688pt too wide) detected at line 119
 []\TU/DejaVuSerif(1)/m/n/10 133
 []


Overfull \hbox (3.58688pt too wide) detected at line 120
 []\TU/DejaVuSerif(1)/m/n/10 135
 []


Overfull \hbox (3.58688pt too wide) detected at line 121
 []\TU/DejaVuSerif(1)/m/n/10 136
 []


Overfull \hbox (3.58688pt too wide) detected at line 123
 []\TU/DejaVuSerif(1)/m/n/10 137
 []


Overfull \hbox (3.58688pt too wide) detected at line 124
 []\TU/DejaVuSerif(1)/m/n/10 138
 []


Overfull \hbox (3.58688pt too wide) detected at line 125
 []\TU/DejaVuSerif(1)/m/n/10 139
 []


Overfull \hbox (3.58688pt too wide) detected at line 126
 []\TU/DejaVuSerif(1)/m/n/10 140
 []


Overfull \hbox (3.58688pt too wide) detected at line 127
 []\TU/DejaVuSerif(1)/m/n/10 141
 []

)
\tf@toc=\write6
\openout6 = `ARU.toc'.

 [3] [1

]
Глава 1.

Package fontspec Info: Font family 'DejaVuSansMono(1)' created for font
(fontspec)             'DejaVu Sans Mono' with options [Script=Cyrillic].
(fontspec)              
(fontspec)              This font family consists of the following NFSS
(fontspec)             series/shapes:
(fontspec)              
(fontspec)             - 'normal' (m/n) with NFSS spec.: <->"DejaVu Sans
(fontspec)             Mono/OT:script=cyrl;language=dflt;"
(fontspec)             - 'small caps'  (m/sc) with NFSS spec.: 
(fontspec)             - 'bold' (b/n) with NFSS spec.: <->"DejaVu Sans
(fontspec)             Mono/B/OT:script=cyrl;language=dflt;"
(fontspec)             - 'bold small caps'  (b/sc) with NFSS spec.: 
(fontspec)             - 'italic' (m/it) with NFSS spec.: <->"DejaVu Sans
(fontspec)             Mono/I/OT:script=cyrl;language=dflt;"
(fontspec)             - 'italic small caps'  (m/scit) with NFSS spec.: 
(fontspec)             - 'bold italic' (b/it) with NFSS spec.: <->"DejaVu Sans
(fontspec)             Mono/BI/OT:script=cyrl;language=dflt;"
(fontspec)             - 'bold italic small caps'  (b/scit) with NFSS spec.: 

[2

] [3]
Глава 2.
File: first-steps-1.png Graphic file (type bmp)
<first-steps-1.png>
[4

] [5] [6] [7]
File: image4.png Graphic file (type bmp)
<image4.png>
File: nvidia-settings-1.png Graphic file (type bmp)
<nvidia-settings-1.png>
 [8]
File: nvidia-settings-2.png Graphic file (type bmp)
<nvidia-settings-2.png>
 [9]
File: nvidia-settings-3.png Graphic file (type bmp)
<nvidia-settings-3.png>
 [10]
File: nvidia-settings-4.png Graphic file (type bmp)
<nvidia-settings-4.png>
 [11] [12]
Underfull \hbox (badness 10000) in paragraph at lines 457--457
|[][]\TU/DejaVuSans(1)/b/n/12 Специфические переменные окружения для драйвера
 []

[13] [14] [15]
File: tray-menu.png Graphic file (type bmp)
<tray-menu.png>
 [16] [17] [18]
File: wxedid-1.png Graphic file (type bmp)
<wxedid-1.png>
 [19]
File: wxedid-2.png Graphic file (type bmp)
<wxedid-2.png>
 [20]
File: wxedid-3.png Graphic file (type bmp)
<wxedid-3.png>
 [21]
File: wxedid-4.png Graphic file (type bmp)
<wxedid-4.png>
 [22] [23]
Глава 3.
[24

]
Underfull \hbox (badness 10000) in paragraph at lines 1025--1027
[]\TU/DejaVuSerif(1)/m/n/10 Теперь откроем выше скопированный файл и добавим ту
да после строки
 []

[25] [26] [27] [28]
File: generic-system-acceleration-1.png Graphic file (type bmp)
<generic-system-acceleration-1.png>
 [29]
File: generic-system-acceleration-2.png Graphic file (type bmp)
<generic-system-acceleration-2.png>

Underfull \hbox (badness 10000) in paragraph at lines 1322--1322
|[][]\TU/DejaVuSans(1)/b/n/14.4 Ускорение загрузки системы (Отключение
 []

[30] [31]
Underfull \hbox (badness 10000) in paragraph at lines 1472--1472
|[][]\TU/DejaVuSans(1)/b/n/12 Решение проблем работы графики Vega 11 (Спасибо
 []

[32] [33]
Глава 4.
File: extra-optimizations-1.png Graphic file (type bmp)
<extra-optimizations-1.png>
[34

]
File: extra-optimizations-2.png Graphic file (type bmp)
<extra-optimizations-2.png>
 [35] [36] [37] [38]
Глава 5.
File: kernel-parameters-1.png Graphic file (type bmp)
<kernel-parameters-1.png>
[39

] [40]
Глава 6.
[41

]
File: file-systems-1.png Graphic file (type bmp)
<file-systems-1.png>
 [42] [43]
File: compsize.png Graphic file (type bmp)
<compsize.png>
 [44]
File: zstd_3.png Graphic file (type bmp)
<zstd_3.png>
File: zstd_8.png Graphic file (type bmp)
<zstd_8.png>
 [45]
File: zstd_19.png Graphic file (type bmp)
<zstd_19.png>
 [46]
Overfull \hbox (153.85368pt too wide) in alignment at lines 1952--1980
 [] [] [] [] [] [] [] [] 
 []


Overfull \hbox (153.85368pt too wide) in alignment at lines 1980--2011
 [] [] [] [] [] [] [] [] 
 []


Overfull \hbox (153.85368pt too wide) in alignment at lines 2011--2015
 [] [] [] [] [] [] [] [] 
 []


Overfull \hbox (153.85368pt too wide) in alignment at lines 2015--2017
 [] [] [] [] [] [] [] [] 
 []


Underfull \hbox (badness 10000) in paragraph at lines 2027--2029
\TU/DejaVuSerif(1)/m/n/10 Tale:
 []


Overfull \hbox (6.05972pt too wide) in paragraph at lines 2027--2029
\TU/DejaVuSerif(1)/m/n/10 Innocence 
 []


Overfull \hbox (6.05972pt too wide) detected at line 2030
\TU/DejaVuSerif(1)/m/n/10 Innocence 
 []


Underfull \hbox (badness 10000) detected at line 2030
\TU/DejaVuSerif(1)/m/n/10 Tale:
 []


Underfull \hbox (badness 10000) in paragraph at lines 2083--2085
[]\TU/DejaVuSerif(1)/m/n/10 A Story
 []


Underfull \hbox (badness 10000) in paragraph at lines 2083--2085
\TU/DejaVuSerif(1)/m/n/10 About
 []


Underfull \hbox (badness 10000) in paragraph at lines 2083--2085
\TU/DejaVuSerif(1)/m/n/10 My
 []


Underfull \hbox (badness 10000) detected at line 2086
\TU/DejaVuSerif(1)/m/n/10 My
 []


Underfull \hbox (badness 10000) detected at line 2086
\TU/DejaVuSerif(1)/m/n/10 About
 []


Underfull \hbox (badness 10000) in paragraph at lines 2138--2140
[]\TU/DejaVuSerif(1)/m/n/10 Aegis
 []


Overfull \hbox (5.95718pt too wide) in paragraph at lines 2138--2140
\TU/DejaVuSerif(1)/m/n/10 Defenders 
 []


Overfull \hbox (5.95718pt too wide) detected at line 2141
\TU/DejaVuSerif(1)/m/n/10 Defenders 
 []


Underfull \hbox (badness 10000) detected at line 2141
[]\TU/DejaVuSerif(1)/m/n/10 Aegis
 []


Underfull \hbox (badness 10000) in paragraph at lines 2192--2194
[]\TU/DejaVuSerif(1)/m/n/10 Among
 []


Overfull \hbox (12.42203pt too wide) in paragraph at lines 2409--2411
[]\TU/DejaVuSerif(1)/m/n/10 BattleBlock
 []


Overfull \hbox (12.42203pt too wide) detected at line 2412
[]\TU/DejaVuSerif(1)/m/n/10 BattleBlock
 []


Underfull \hbox (badness 10000) in paragraph at lines 2519--2521
[]\TU/DejaVuSerif(1)/m/n/10 Beholder
 []


Overfull \hbox (21.2062pt too wide) in paragraph at lines 2573--2575
[]\TU/DejaVuSerif(1)/m/n/10 Blasphemous 
 []


Overfull \hbox (21.2062pt too wide) detected at line 2576
[]\TU/DejaVuSerif(1)/m/n/10 Blasphemous 
 []


Underfull \hbox (badness 10000) in paragraph at lines 2681--2683
[]\TU/DejaVuSerif(1)/m/n/10 Brothers
 []


Underfull \hbox (badness 10000) in paragraph at lines 2681--2683
\TU/DejaVuSerif(1)/m/n/10 of Two
 []


Underfull \hbox (badness 10000) detected at line 2684
\TU/DejaVuSerif(1)/m/n/10 of Two
 []


Underfull \hbox (badness 10000) in paragraph at lines 2737--2739
[]\TU/DejaVuSerif(1)/m/n/10 Castle
 []


Underfull \hbox (badness 10000) detected at line 2740
[]\TU/DejaVuSerif(1)/m/n/10 Castle
 []


Underfull \hbox (badness 6758) in paragraph at lines 2846--2848
[]\TU/DejaVuSerif(1)/m/n/10 Child of
 []


Underfull \hbox (badness 10000) in paragraph at lines 2902--2904
[]\TU/DejaVuSerif(1)/m/n/10 Children
 []


Underfull \hbox (badness 10000) in paragraph at lines 2958--2960
[]\TU/DejaVuSerif(1)/m/n/10 CODE
 []


Underfull \hbox (badness 10000) in paragraph at lines 3014--3016
[]\TU/DejaVuSerif(1)/m/n/10 Cortex
 []


Overfull \hbox (5.17105pt too wide) in paragraph at lines 3014--3016
\TU/DejaVuSerif(1)/m/n/10 Command 
 []


Overfull \hbox (5.17105pt too wide) detected at line 3017
\TU/DejaVuSerif(1)/m/n/10 Command 
 []


Underfull \hbox (badness 10000) detected at line 3017
[]\TU/DejaVuSerif(1)/m/n/10 Cortex
 []


Underfull \hbox (badness 10000) in paragraph at lines 3124--3126
[]\TU/DejaVuSerif(1)/m/n/10 Curse
 []


Underfull \hbox (badness 10000) in paragraph at lines 3124--3126
\TU/DejaVuSerif(1)/m/n/10 of Dead
 []


Underfull \hbox (badness 10000) detected at line 3127
[]\TU/DejaVuSerif(1)/m/n/10 Curse
 []


Underfull \hbox (badness 10000) in paragraph at lines 3233--3235
[]\TU/DejaVuSerif(1)/m/n/10 Dark
 []


Underfull \hbox (badness 10000) in paragraph at lines 3233--3235
\TU/DejaVuSerif(1)/m/n/10 Souls:
 []


Underfull \hbox (badness 10000) in paragraph at lines 3233--3235
\TU/DejaVuSerif(1)/m/n/10 Prepare
 []


Underfull \hbox (badness 10000) in paragraph at lines 3233--3235
\TU/DejaVuSerif(1)/m/n/10 To Die
 []


Underfull \hbox (badness 10000) detected at line 3236
\TU/DejaVuSerif(1)/m/n/10 To Die
 []


Underfull \hbox (badness 10000) detected at line 3236
\TU/DejaVuSerif(1)/m/n/10 Souls:
 []


Underfull \hbox (badness 10000) detected at line 3236
[]\TU/DejaVuSerif(1)/m/n/10 Dark
 []


Underfull \hbox (badness 10000) in paragraph at lines 3289--3291
[]\TU/DejaVuSerif(1)/m/n/10 Dark
 []


Underfull \hbox (badness 10000) detected at line 3292
[]\TU/DejaVuSerif(1)/m/n/10 Dark
 []


Underfull \hbox (badness 10000) in paragraph at lines 3345--3347
[]\TU/DejaVuSerif(1)/m/n/10 Darkest
 []


Underfull \hbox (badness 10000) detected at line 3348
[]\TU/DejaVuSerif(1)/m/n/10 Darkest
 []


Overfull \hbox (14.78043pt too wide) in paragraph at lines 3400--3402
[]\TU/DejaVuSerif(1)/m/n/10 Darkestville
 []


Overfull \hbox (14.78043pt too wide) detected at line 3403
[]\TU/DejaVuSerif(1)/m/n/10 Darkestville
 []


Overfull \hbox (9.11148pt too wide) in paragraph at lines 3454--3456
[]\TU/DejaVuSerif(1)/m/n/10 Darksiders
 []


Overfull \hbox (9.11148pt too wide) detected at line 3457
[]\TU/DejaVuSerif(1)/m/n/10 Darksiders
 []


Underfull \hbox (badness 10000) in paragraph at lines 3510--3512
[]\TU/DejaVuSerif(1)/m/n/10 Dead
 []


Underfull \hbox (badness 10000) in paragraph at lines 3565--3567
[]\TU/DejaVuSerif(1)/m/n/10 Death's
 []


Underfull \hbox (badness 10000) in paragraph at lines 3620--3622
[]\TU/DejaVuSerif(1)/m/n/10 Death's
 []


Underfull \hbox (badness 10000) in paragraph at lines 3620--3622
\TU/DejaVuSerif(1)/m/n/10 Gambit:
 []


Underfull \hbox (badness 10000) detected at line 3623
\TU/DejaVuSerif(1)/m/n/10 Gambit:
 []


Underfull \hbox (badness 10000) detected at line 3623
[]\TU/DejaVuSerif(1)/m/n/10 Death's
 []


Underfull \hbox (badness 10000) in paragraph at lines 3674--3676
[]\TU/DejaVuSerif(1)/m/n/10 Deponia:
 []


Underfull \hbox (badness 10000) in paragraph at lines 3674--3676
\TU/DejaVuSerif(1)/m/n/10 The
 []


Overfull \hbox (2.33902pt too wide) in paragraph at lines 3674--3676
\TU/DejaVuSerif(1)/m/n/10 Complete
 []


Overfull \hbox (2.33902pt too wide) detected at line 3677
\TU/DejaVuSerif(1)/m/n/10 Complete
 []


Underfull \hbox (badness 10000) detected at line 3677
\TU/DejaVuSerif(1)/m/n/10 The
 []


Underfull \hbox (badness 10000) detected at line 3677
[]\TU/DejaVuSerif(1)/m/n/10 Deponia:
 []


Underfull \hbox (badness 10000) in paragraph at lines 3730--3732
[]\TU/DejaVuSerif(1)/m/n/10 Devil
 []


Underfull \hbox (badness 10000) detected at line 3733
[]\TU/DejaVuSerif(1)/m/n/10 Devil
 []


Underfull \hbox (badness 10000) in paragraph at lines 3786--3788
[]\TU/DejaVuSerif(1)/m/n/10 Disco
 []


Underfull \hbox (badness 10000) detected at line 3789
[]\TU/DejaVuSerif(1)/m/n/10 Disco
 []


Underfull \hbox (badness 10000) in paragraph at lines 3841--3843
[]\TU/DejaVuSerif(1)/m/n/10 Don't
 []


Underfull \hbox (badness 10000) in paragraph at lines 3841--3843
\TU/DejaVuSerif(1)/m/n/10 Starve
 []


Underfull \hbox (badness 10000) detected at line 3844
\TU/DejaVuSerif(1)/m/n/10 Starve
 []


Underfull \hbox (badness 10000) detected at line 3844
[]\TU/DejaVuSerif(1)/m/n/10 Don't
 []


Underfull \hbox (badness 10000) in paragraph at lines 3896--3898
[]\TU/DejaVuSerif(1)/m/n/10 Eldest
 []


Overfull \hbox (5.96207pt too wide) in paragraph at lines 4005--4007
[]\TU/DejaVuSerif(1)/m/n/10 Frostpunk 
 []


Overfull \hbox (5.96207pt too wide) detected at line 4008
[]\TU/DejaVuSerif(1)/m/n/10 Frostpunk 
 []


Underfull \hbox (badness 10000) in paragraph at lines 4116--4118
[]\TU/DejaVuSerif(1)/m/n/10 Gato
 []


Underfull \hbox (badness 10000) detected at line 4119
[]\TU/DejaVuSerif(1)/m/n/10 Gato
 []


Underfull \hbox (badness 10000) in paragraph at lines 4171--4173
[]\TU/DejaVuSerif(1)/m/n/10 Gears
 []


Underfull \hbox (badness 10000) detected at line 4174
[]\TU/DejaVuSerif(1)/m/n/10 Gears
 []


Overfull \hbox (18.13004pt too wide) in paragraph at lines 4283--4285
[]\TU/DejaVuSerif(1)/m/n/10 Ghostrunner 
 []


Overfull \hbox (18.13004pt too wide) detected at line 4286
[]\TU/DejaVuSerif(1)/m/n/10 Ghostrunner 
 []


Underfull \hbox (badness 10000) in paragraph at lines 4340--4342
[]\TU/DejaVuSerif(1)/m/n/10 Gibbous
 []


Underfull \hbox (badness 10000) in paragraph at lines 4340--4342
\TU/DejaVuSerif(1)/m/n/10 - a
 []


Underfull \hbox (badness 10000) in paragraph at lines 4340--4342
\TU/DejaVuSerif(1)/m/n/10 Cthulhu
 []


Overfull \hbox (6.5187pt too wide) in paragraph at lines 4340--4342
\TU/DejaVuSerif(1)/m/n/10 Adventure 
 []


Overfull \hbox (6.5187pt too wide) detected at line 4343
\TU/DejaVuSerif(1)/m/n/10 Adventure 
 []


Underfull \hbox (badness 10000) detected at line 4343
\TU/DejaVuSerif(1)/m/n/10 Cthulhu
 []


Underfull \hbox (badness 10000) detected at line 4343
\TU/DejaVuSerif(1)/m/n/10 - a
 []


Underfull \hbox (badness 10000) detected at line 4343
[]\TU/DejaVuSerif(1)/m/n/10 Gibbous
 []


Overfull \hbox (6.01578pt too wide) in paragraph at lines 4616--4618
[]\TU/DejaVuSerif(1)/m/n/10 Hellblade:
 []


Underfull \hbox (badness 10000) in paragraph at lines 4616--4618
\TU/DejaVuSerif(1)/m/n/10 Sanua's
 []


Underfull \hbox (badness 10000) detected at line 4619
\TU/DejaVuSerif(1)/m/n/10 Sanua's
 []


Overfull \hbox (6.01578pt too wide) detected at line 4619
[]\TU/DejaVuSerif(1)/m/n/10 Hellblade:
 []


Overfull \hbox (5.84488pt too wide) in paragraph at lines 4670--4672
[]\TU/DejaVuSerif(1)/m/n/10 Helldivers 
 []


Overfull \hbox (5.84488pt too wide) detected at line 4673
[]\TU/DejaVuSerif(1)/m/n/10 Helldivers 
 []


Underfull \hbox (badness 10000) in paragraph at lines 4780--4782
[]\TU/DejaVuSerif(1)/m/n/10 Hollow
 []


Underfull \hbox (badness 10000) in paragraph at lines 4998--5000
[]\TU/DejaVuSerif(1)/m/n/10 Katana
 []


Underfull \hbox (badness 10000) in paragraph at lines 5162--5164
[]\TU/DejaVuSerif(1)/m/n/10 Little
 []


Overfull \hbox (8.6818pt too wide) in paragraph at lines 5162--5164
\TU/DejaVuSerif(1)/m/n/10 Nightmare 
 []


Overfull \hbox (8.6818pt too wide) detected at line 5165
\TU/DejaVuSerif(1)/m/n/10 Nightmare 
 []


Underfull \hbox (badness 10000) detected at line 5165
[]\TU/DejaVuSerif(1)/m/n/10 Little
 []


Underfull \hbox (badness 10000) in paragraph at lines 5216--5218
[]\TU/DejaVuSerif(1)/m/n/10 Loop
 []


Underfull \hbox (badness 10000) detected at line 5219
[]\TU/DejaVuSerif(1)/m/n/10 Loop
 []


Underfull \hbox (badness 10000) in paragraph at lines 5325--5327
[]\TU/DejaVuSerif(1)/m/n/10 Magicka
 []


Underfull \hbox (badness 10000) in paragraph at lines 5377--5379
[]\TU/DejaVuSerif(1)/m/n/10 Mark
 []


Underfull \hbox (badness 10000) in paragraph at lines 5377--5379
\TU/DejaVuSerif(1)/m/n/10 of the
 []


Underfull \hbox (badness 10000) in paragraph at lines 5377--5379
\TU/DejaVuSerif(1)/m/n/10 Ninja:
 []


Overfull \hbox (14.79019pt too wide) in paragraph at lines 5377--5379
\TU/DejaVuSerif(1)/m/n/10 Remastered 
 []


Overfull \hbox (14.79019pt too wide) detected at line 5380
\TU/DejaVuSerif(1)/m/n/10 Remastered 
 []


Underfull \hbox (badness 10000) detected at line 5380
\TU/DejaVuSerif(1)/m/n/10 Ninja:
 []


Underfull \hbox (badness 10000) detected at line 5380
\TU/DejaVuSerif(1)/m/n/10 of the
 []


Underfull \hbox (badness 10000) detected at line 5380
[]\TU/DejaVuSerif(1)/m/n/10 Mark
 []


Underfull \hbox (badness 10000) in paragraph at lines 5433--5435
[]\TU/DejaVuSerif(1)/m/n/10 Master
 []


Underfull \hbox (badness 10000) detected at line 5436
[]\TU/DejaVuSerif(1)/m/n/10 Master
 []


Underfull \hbox (badness 10000) in paragraph at lines 5488--5490
[]\TU/DejaVuSerif(1)/m/n/10 METAL
 []


Underfull \hbox (badness 10000) in paragraph at lines 5488--5490
\TU/DejaVuSerif(1)/m/n/10 GEAR
 []


Underfull \hbox (badness 10000) in paragraph at lines 5488--5490
\TU/DejaVuSerif(1)/m/n/10 RISING:
 []


Overfull \hbox (38.04214pt too wide) in paragraph at lines 5488--5490
\TU/DejaVuSerif(1)/m/n/10 REVENGEANCE 
 []


Overfull \hbox (38.04214pt too wide) detected at line 5491
\TU/DejaVuSerif(1)/m/n/10 REVENGEANCE 
 []


Underfull \hbox (badness 10000) detected at line 5491
\TU/DejaVuSerif(1)/m/n/10 RISING:
 []


Underfull \hbox (badness 10000) detected at line 5491
\TU/DejaVuSerif(1)/m/n/10 GEAR
 []


Underfull \hbox (badness 10000) detected at line 5491
[]\TU/DejaVuSerif(1)/m/n/10 METAL
 []


Overfull \hbox (16.4064pt too wide) in paragraph at lines 5544--5546
[]\TU/DejaVuSerif(1)/m/n/10 Moonlighter 
 []


Overfull \hbox (16.4064pt too wide) detected at line 5547
[]\TU/DejaVuSerif(1)/m/n/10 Moonlighter 
 []


Underfull \hbox (badness 10000) in paragraph at lines 5654--5656
[]\TU/DejaVuSerif(1)/m/n/10 My
 []


Underfull \hbox (badness 10000) in paragraph at lines 5654--5656
\TU/DejaVuSerif(1)/m/n/10 Friend
 []


Underfull \hbox (badness 10000) detected at line 5657
[]\TU/DejaVuSerif(1)/m/n/10 My
 []


Overfull \hbox (28.87222pt too wide) in paragraph at lines 5709--5711
[]\TU/DejaVuSerif(1)/m/n/10 Nier:Automata 
 []


Overfull \hbox (28.87222pt too wide) detected at line 5712
[]\TU/DejaVuSerif(1)/m/n/10 Nier:Automata 
 []


Underfull \hbox (badness 10000) in paragraph at lines 5765--5767
[]\TU/DejaVuSerif(1)/m/n/10 Nine
 []


Overfull \hbox (13.78433pt too wide) in paragraph at lines 5765--5767
\TU/DejaVuSerif(1)/m/n/10 Parchments 
 []


Overfull \hbox (13.78433pt too wide) detected at line 5768
\TU/DejaVuSerif(1)/m/n/10 Parchments 
 []


Underfull \hbox (badness 10000) detected at line 5768
[]\TU/DejaVuSerif(1)/m/n/10 Nine
 []


Underfull \hbox (badness 10000) in paragraph at lines 5821--5823
[]\TU/DejaVuSerif(1)/m/n/10 Ori and
 []


Underfull \hbox (badness 10000) in paragraph at lines 5821--5823
\TU/DejaVuSerif(1)/m/n/10 Forest:
 []


Overfull \hbox (2.75894pt too wide) in paragraph at lines 5821--5823
\TU/DejaVuSerif(1)/m/n/10 Definitive
 []


Overfull \hbox (2.75894pt too wide) detected at line 5824
\TU/DejaVuSerif(1)/m/n/10 Definitive
 []


Underfull \hbox (badness 10000) detected at line 5824
\TU/DejaVuSerif(1)/m/n/10 Forest:
 []


Underfull \hbox (badness 10000) detected at line 5824
[]\TU/DejaVuSerif(1)/m/n/10 Ori and
 []


Underfull \hbox (badness 10000) in paragraph at lines 5875--5877
[]\TU/DejaVuSerif(1)/m/n/10 Ori and
 []


Underfull \hbox (badness 10000) in paragraph at lines 5875--5877
\TU/DejaVuSerif(1)/m/n/10 the Will
 []


Underfull \hbox (badness 10000) in paragraph at lines 5875--5877
\TU/DejaVuSerif(1)/m/n/10 of the
 []


Underfull \hbox (badness 10000) detected at line 5878
\TU/DejaVuSerif(1)/m/n/10 of the
 []


Overfull \hbox (4.20425pt too wide) in paragraph at lines 5929--5931
[]\TU/DejaVuSerif(1)/m/n/10 Othercide 
 []


Overfull \hbox (4.20425pt too wide) detected at line 5932
[]\TU/DejaVuSerif(1)/m/n/10 Othercide 
 []


Underfull \hbox (badness 10000) in paragraph at lines 5985--5987
[]\TU/DejaVuSerif(1)/m/n/10 Out of
 []


Overfull \hbox (18.31558pt too wide) in paragraph at lines 6094--6096
[]\TU/DejaVuSerif(1)/m/n/10 Overcooked!
 []


Overfull \hbox (18.31558pt too wide) detected at line 6097
[]\TU/DejaVuSerif(1)/m/n/10 Overcooked!
 []


Underfull \hbox (badness 10000) in paragraph at lines 6149--6151
[]\TU/DejaVuSerif(1)/m/n/10 Papers,
 []


Underfull \hbox (badness 10000) in paragraph at lines 6203--6205
[]\TU/DejaVuSerif(1)/m/n/10 Path of
 []


Underfull \hbox (badness 10000) in paragraph at lines 6259--6261
[]\TU/DejaVuSerif(1)/m/n/10 Peace,
 []


Underfull \hbox (badness 10000) detected at line 6262
[]\TU/DejaVuSerif(1)/m/n/10 Peace,
 []


Underfull \hbox (badness 10000) in paragraph at lines 6315--6317
[]\TU/DejaVuSerif(1)/m/n/10 Peace,
 []


Underfull \hbox (badness 10000) detected at line 6318
[]\TU/DejaVuSerif(1)/m/n/10 Peace,
 []


Underfull \hbox (badness 10000) in paragraph at lines 6371--6373
[]\TU/DejaVuSerif(1)/m/n/10 Pummel
 []


Overfull \hbox (9.16031pt too wide) in paragraph at lines 6426--6428
[]\TU/DejaVuSerif(1)/m/n/10 Remember
 []


Overfull \hbox (9.16031pt too wide) detected at line 6429
[]\TU/DejaVuSerif(1)/m/n/10 Remember
 []


Underfull \hbox (badness 10000) in paragraph at lines 6482--6484
[]\TU/DejaVuSerif(1)/m/n/10 Rocket
 []


Underfull \hbox (badness 10000) detected at line 6485
[]\TU/DejaVuSerif(1)/m/n/10 Rocket
 []


Overfull \hbox (5.43472pt too wide) in paragraph at lines 6594--6596
\TU/DejaVuSerif(1)/m/n/10 Sanctuary 
 []


Overfull \hbox (5.43472pt too wide) detected at line 6597
\TU/DejaVuSerif(1)/m/n/10 Sanctuary 
 []


Overfull \hbox (1.99722pt too wide) in paragraph at lines 6650--6652
[]\TU/DejaVuSerif(1)/m/n/10 Samorost
 []


Overfull \hbox (1.99722pt too wide) detected at line 6653
[]\TU/DejaVuSerif(1)/m/n/10 Samorost
 []


Overfull \hbox (1.99722pt too wide) in paragraph at lines 6706--6708
[]\TU/DejaVuSerif(1)/m/n/10 Samorost
 []


Overfull \hbox (1.99722pt too wide) detected at line 6709
[]\TU/DejaVuSerif(1)/m/n/10 Samorost
 []


Overfull \hbox (1.99722pt too wide) in paragraph at lines 6760--6762
[]\TU/DejaVuSerif(1)/m/n/10 Samorost
 []


Overfull \hbox (1.99722pt too wide) detected at line 6763
[]\TU/DejaVuSerif(1)/m/n/10 Samorost
 []


Underfull \hbox (badness 10000) in paragraph at lines 6815--6817
[]\TU/DejaVuSerif(1)/m/n/10 Sekiro:
 []


Underfull \hbox (badness 10000) in paragraph at lines 6815--6817
\TU/DejaVuSerif(1)/m/n/10 Shadow
 []


Underfull \hbox (badness 10000) in paragraph at lines 6815--6817
\TU/DejaVuSerif(1)/m/n/10 Die
 []


Underfull \hbox (badness 10000) detected at line 6818
\TU/DejaVuSerif(1)/m/n/10 Die
 []


Underfull \hbox (badness 10000) detected at line 6818
[]\TU/DejaVuSerif(1)/m/n/10 Sekiro:
 []


Underfull \hbox (badness 10000) in paragraph at lines 6871--6873
[]\TU/DejaVuSerif(1)/m/n/10 Severed
 []


Underfull \hbox (badness 10000) in paragraph at lines 6926--6928
[]\TU/DejaVuSerif(1)/m/n/10 Shadow
 []


Underfull \hbox (badness 10000) in paragraph at lines 6926--6928
\TU/DejaVuSerif(1)/m/n/10 Tactics:
 []


Underfull \hbox (badness 10000) in paragraph at lines 6926--6928
\TU/DejaVuSerif(1)/m/n/10 Blades
 []


Underfull \hbox (badness 10000) in paragraph at lines 6926--6928
\TU/DejaVuSerif(1)/m/n/10 of the
 []


Underfull \hbox (badness 10000) detected at line 6929
\TU/DejaVuSerif(1)/m/n/10 of the
 []


Underfull \hbox (badness 10000) detected at line 6929
\TU/DejaVuSerif(1)/m/n/10 Blades
 []


Underfull \hbox (badness 10000) detected at line 6929
\TU/DejaVuSerif(1)/m/n/10 Tactics:
 []


Overfull \hbox (11.62613pt too wide) in paragraph at lines 6980--6982
[]\TU/DejaVuSerif(1)/m/n/10 Shadowrun
 []


Overfull \hbox (11.62613pt too wide) detected at line 6983
[]\TU/DejaVuSerif(1)/m/n/10 Shadowrun
 []


Overfull \hbox (4.03824pt too wide) in paragraph at lines 7034--7036
[]\TU/DejaVuSerif(1)/m/n/10 Shattered
 []


Underfull \hbox (badness 10000) in paragraph at lines 7034--7036
\TU/DejaVuSerif(1)/m/n/10 - Tale
 []


Underfull \hbox (badness 10000) in paragraph at lines 7034--7036
\TU/DejaVuSerif(1)/m/n/10 of the
 []


Overfull \hbox (3.74039pt too wide) in paragraph at lines 7034--7036
\TU/DejaVuSerif(1)/m/n/10 Forgotten
 []


Overfull \hbox (3.74039pt too wide) detected at line 7037
\TU/DejaVuSerif(1)/m/n/10 Forgotten
 []


Underfull \hbox (badness 10000) detected at line 7037
\TU/DejaVuSerif(1)/m/n/10 of the
 []


Underfull \hbox (badness 10000) detected at line 7037
\TU/DejaVuSerif(1)/m/n/10 - Tale
 []


Overfull \hbox (4.03824pt too wide) detected at line 7037
[]\TU/DejaVuSerif(1)/m/n/10 Shattered
 []


Underfull \hbox (badness 10000) in paragraph at lines 7145--7147
[]\TU/DejaVuSerif(1)/m/n/10 Skul:
 []


Underfull \hbox (badness 10000) in paragraph at lines 7145--7147
\TU/DejaVuSerif(1)/m/n/10 The
 []


Underfull \hbox (badness 10000) in paragraph at lines 7145--7147
\TU/DejaVuSerif(1)/m/n/10 Hero
 []


Underfull \hbox (badness 10000) detected at line 7148
\TU/DejaVuSerif(1)/m/n/10 Hero
 []


Underfull \hbox (badness 10000) detected at line 7148
\TU/DejaVuSerif(1)/m/n/10 The
 []


Underfull \hbox (badness 10000) detected at line 7148
[]\TU/DejaVuSerif(1)/m/n/10 Skul:
 []


Overfull \hbox (27.90054pt too wide) in paragraph at lines 7199--7201
[]\TU/DejaVuSerif(1)/m/n/10 SpeedRunners 
 []


Overfull \hbox (27.90054pt too wide) detected at line 7202
[]\TU/DejaVuSerif(1)/m/n/10 SpeedRunners 
 []


Overfull \hbox (10.68863pt too wide) in paragraph at lines 7254--7256
[]\TU/DejaVuSerif(1)/m/n/10 Spiritfarer:
 []


Overfull \hbox (10.68863pt too wide) detected at line 7257
[]\TU/DejaVuSerif(1)/m/n/10 Spiritfarer:
 []


Overfull \hbox (15.06363pt too wide) in paragraph at lines 7309--7311
[]\TU/DejaVuSerif(1)/m/n/10 Stoneshard:
 []


Overfull \hbox (15.06363pt too wide) detected at line 7312
[]\TU/DejaVuSerif(1)/m/n/10 Stoneshard:
 []


Underfull \hbox (badness 10000) in paragraph at lines 7363--7365
[]\TU/DejaVuSerif(1)/m/n/10 Stories:
 []


Underfull \hbox (badness 10000) in paragraph at lines 7363--7365
\TU/DejaVuSerif(1)/m/n/10 The
 []


Underfull \hbox (badness 10000) in paragraph at lines 7363--7365
\TU/DejaVuSerif(1)/m/n/10 Path of
 []


Overfull \hbox (0.70328pt too wide) in paragraph at lines 7363--7365
\TU/DejaVuSerif(1)/m/n/10 Destinies 
 []


Overfull \hbox (0.70328pt too wide) detected at line 7366
\TU/DejaVuSerif(1)/m/n/10 Destinies 
 []


Underfull \hbox (badness 10000) detected at line 7366
\TU/DejaVuSerif(1)/m/n/10 Path of
 []


Underfull \hbox (badness 10000) detected at line 7366
\TU/DejaVuSerif(1)/m/n/10 The
 []


Underfull \hbox (badness 10000) detected at line 7366
[]\TU/DejaVuSerif(1)/m/n/10 Stories:
 []


Underfull \hbox (badness 10000) in paragraph at lines 7419--7421
[]\TU/DejaVuSerif(1)/m/n/10 Styx:
 []


Underfull \hbox (badness 10000) in paragraph at lines 7419--7421
\TU/DejaVuSerif(1)/m/n/10 Master
 []


Underfull \hbox (badness 10000) in paragraph at lines 7419--7421
\TU/DejaVuSerif(1)/m/n/10 of
 []


Underfull \hbox (badness 10000) detected at line 7422
\TU/DejaVuSerif(1)/m/n/10 of
 []


Underfull \hbox (badness 10000) detected at line 7422
\TU/DejaVuSerif(1)/m/n/10 Master
 []


Underfull \hbox (badness 10000) detected at line 7422
[]\TU/DejaVuSerif(1)/m/n/10 Styx:
 []


Underfull \hbox (badness 10000) in paragraph at lines 7475--7477
[]\TU/DejaVuSerif(1)/m/n/10 Styx:
 []


Underfull \hbox (badness 10000) in paragraph at lines 7475--7477
\TU/DejaVuSerif(1)/m/n/10 Shards
 []


Underfull \hbox (badness 10000) in paragraph at lines 7475--7477
\TU/DejaVuSerif(1)/m/n/10 of
 []


Overfull \hbox (1.17203pt too wide) in paragraph at lines 7475--7477
\TU/DejaVuSerif(1)/m/n/10 Darkness 
 []


Overfull \hbox (1.17203pt too wide) detected at line 7478
\TU/DejaVuSerif(1)/m/n/10 Darkness 
 []


Underfull \hbox (badness 10000) detected at line 7478
\TU/DejaVuSerif(1)/m/n/10 of
 []


Underfull \hbox (badness 10000) detected at line 7478
\TU/DejaVuSerif(1)/m/n/10 Shards
 []


Underfull \hbox (badness 10000) detected at line 7478
[]\TU/DejaVuSerif(1)/m/n/10 Styx:
 []


Overfull \hbox (153.85368pt too wide) in alignment at lines 2017--7522
 [] [] [] [] [] [] [] [] 
 []


Overfull \hbox (6.25015pt too wide) in paragraph at lines 7531--7533
[]\TU/DejaVuSerif(1)/m/n/10 Sundered:
 []


Underfull \hbox (badness 10000) in paragraph at lines 7531--7533
\TU/DejaVuSerif(1)/m/n/10 Eldritch
 []


Underfull \hbox (badness 10000) detected at line 7534
\TU/DejaVuSerif(1)/m/n/10 Eldritch
 []


Overfull \hbox (6.25015pt too wide) detected at line 7534
[]\TU/DejaVuSerif(1)/m/n/10 Sundered:
 []


Overfull \hbox (16.71402pt too wide) in paragraph at lines 7585--7587
[]\TU/DejaVuSerif(1)/m/n/10 SYNTHETIK 
 []


Overfull \hbox (16.71402pt too wide) detected at line 7588
[]\TU/DejaVuSerif(1)/m/n/10 SYNTHETIK 
 []


Underfull \hbox (badness 10000) in paragraph at lines 7640--7642
[]\TU/DejaVuSerif(1)/m/n/10 Tabletop
 []


Overfull \hbox (3.6818pt too wide) in paragraph at lines 7640--7642
\TU/DejaVuSerif(1)/m/n/10 Simulator 
 []


Overfull \hbox (3.6818pt too wide) detected at line 7643
\TU/DejaVuSerif(1)/m/n/10 Simulator 
 []


Underfull \hbox (badness 10000) detected at line 7643
[]\TU/DejaVuSerif(1)/m/n/10 Tabletop
 []


Underfull \hbox (badness 10000) in paragraph at lines 7695--7697
[]\TU/DejaVuSerif(1)/m/n/10 The
 []


Overfull \hbox (1.6066pt too wide) in paragraph at lines 7695--7697
\TU/DejaVuSerif(1)/m/n/10 Escapists
 []


Overfull \hbox (1.6066pt too wide) detected at line 7698
\TU/DejaVuSerif(1)/m/n/10 Escapists
 []


Underfull \hbox (badness 10000) detected at line 7698
[]\TU/DejaVuSerif(1)/m/n/10 The
 []


Underfull \hbox (badness 10000) in paragraph at lines 7751--7753
[]\TU/DejaVuSerif(1)/m/n/10 The
 []


Overfull \hbox (0.86441pt too wide) in paragraph at lines 7751--7753
\TU/DejaVuSerif(1)/m/n/10 Suffering
 []


Underfull \hbox (badness 10000) in paragraph at lines 7751--7753
\TU/DejaVuSerif(1)/m/n/10 of Sir
 []


Underfull \hbox (badness 10000) detected at line 7754
\TU/DejaVuSerif(1)/m/n/10 of Sir
 []


Overfull \hbox (0.86441pt too wide) detected at line 7754
\TU/DejaVuSerif(1)/m/n/10 Suffering
 []


Underfull \hbox (badness 10000) detected at line 7754
[]\TU/DejaVuSerif(1)/m/n/10 The
 []


Underfull \hbox (badness 10000) in paragraph at lines 7806--7808
[]\TU/DejaVuSerif(1)/m/n/10 The
 []


Underfull \hbox (badness 10000) detected at line 7809
[]\TU/DejaVuSerif(1)/m/n/10 The
 []


Underfull \hbox (badness 10000) in paragraph at lines 7917--7919
[]\TU/DejaVuSerif(1)/m/n/10 They
 []


Underfull \hbox (badness 10000) in paragraph at lines 7917--7919
\TU/DejaVuSerif(1)/m/n/10 Always
 []


Underfull \hbox (badness 10000) detected at line 7920
[]\TU/DejaVuSerif(1)/m/n/10 They
 []


Underfull \hbox (badness 10000) in paragraph at lines 8027--8029
[]\TU/DejaVuSerif(1)/m/n/10 Titan
 []


Underfull \hbox (badness 10000) detected at line 8030
[]\TU/DejaVuSerif(1)/m/n/10 Titan
 []


Overfull \hbox (5.86441pt too wide) in paragraph at lines 8082--8084
[]\TU/DejaVuSerif(1)/m/n/10 Transistor 
 []


Overfull \hbox (5.86441pt too wide) detected at line 8085
[]\TU/DejaVuSerif(1)/m/n/10 Transistor 
 []


Overfull \hbox (4.79507pt too wide) in paragraph at lines 8192--8194
[]\TU/DejaVuSerif(1)/m/n/10 Undertale 
 []


Overfull \hbox (4.79507pt too wide) detected at line 8195
[]\TU/DejaVuSerif(1)/m/n/10 Undertale 
 []


Underfull \hbox (badness 10000) in paragraph at lines 8247--8249
[]\TU/DejaVuSerif(1)/m/n/10 Valiant
 []


Underfull \hbox (badness 10000) in paragraph at lines 8247--8249
\TU/DejaVuSerif(1)/m/n/10 Hearts:
 []


Underfull \hbox (badness 10000) in paragraph at lines 8247--8249
\TU/DejaVuSerif(1)/m/n/10 The
 []


Underfull \hbox (badness 10000) in paragraph at lines 8247--8249
\TU/DejaVuSerif(1)/m/n/10 Great
 []


Underfull \hbox (badness 10000) detected at line 8250
\TU/DejaVuSerif(1)/m/n/10 Great
 []


Underfull \hbox (badness 10000) detected at line 8250
\TU/DejaVuSerif(1)/m/n/10 The
 []


Underfull \hbox (badness 10000) detected at line 8250
[]\TU/DejaVuSerif(1)/m/n/10 Valiant
 []


Underfull \hbox (badness 10000) in paragraph at lines 8413--8415
[]\TU/DejaVuSerif(1)/m/n/10 Void
 []


Underfull \hbox (badness 10000) detected at line 8416
[]\TU/DejaVuSerif(1)/m/n/10 Void
 []


Overfull \hbox (6.17203pt too wide) in paragraph at lines 8468--8470
[]\TU/DejaVuSerif(1)/m/n/10 Wasteland
 []


Underfull \hbox (badness 10000) in paragraph at lines 8468--8470
\TU/DejaVuSerif(1)/m/n/10 2:
 []


Overfull \hbox (3.94547pt too wide) in paragraph at lines 8468--8470
\TU/DejaVuSerif(1)/m/n/10 Director's
 []


Overfull \hbox (3.94547pt too wide) detected at line 8471
\TU/DejaVuSerif(1)/m/n/10 Director's
 []


Underfull \hbox (badness 10000) detected at line 8471
\TU/DejaVuSerif(1)/m/n/10 2:
 []


Overfull \hbox (6.17203pt too wide) detected at line 8471
[]\TU/DejaVuSerif(1)/m/n/10 Wasteland
 []


Overfull \hbox (6.17203pt too wide) in paragraph at lines 8524--8526
[]\TU/DejaVuSerif(1)/m/n/10 Wasteland
 []


Overfull \hbox (6.17203pt too wide) detected at line 8527
[]\TU/DejaVuSerif(1)/m/n/10 Wasteland
 []


Underfull \hbox (badness 10000) in paragraph at lines 8633--8635
[]\TU/DejaVuSerif(1)/m/n/10 Wizard
 []


Underfull \hbox (badness 10000) in paragraph at lines 8633--8635
\TU/DejaVuSerif(1)/m/n/10 of
 []


Underfull \hbox (badness 10000) detected at line 8636
\TU/DejaVuSerif(1)/m/n/10 of
 []


Underfull \hbox (badness 10000) detected at line 8636
[]\TU/DejaVuSerif(1)/m/n/10 Wizard
 []


Underfull \hbox (badness 10000) in paragraph at lines 8740--8742
[]\TU/DejaVuSerif(1)/m/n/10 Кэш
 []


Underfull \hbox (badness 10000) in paragraph at lines 8740--8742
\TU/DejaVuSerif(1)/m/n/10 шей-
 []


Underfull \hbox (badness 10000) in paragraph at lines 8740--8742
\TU/DejaVuSerif(1)/m/n/10 деров
 []


Underfull \hbox (badness 10000) in paragraph at lines 8740--8742
\TU/DejaVuSerif(1)/m/n/10 пред-
 []


Underfull \hbox (badness 10000) in paragraph at lines 8740--8742
\TU/DejaVuSerif(1)/m/n/10 став-
 []


Underfull \hbox (badness 10000) in paragraph at lines 8740--8742
\TU/DejaVuSerif(1)/m/n/10 ленных
 []


Underfull \hbox (badness 10000) in paragraph at lines 8740--8742
\TU/DejaVuSerif(1)/m/n/10 здесь
 []


Underfull \hbox (badness 10000) in paragraph at lines 8740--8742
\TU/DejaVuSerif(1)/m/n/10 игр в
 []


Underfull \hbox (badness 10000) detected at line 8743
\TU/DejaVuSerif(1)/m/n/10 игр в
 []


Underfull \hbox (badness 10000) detected at line 8743
\TU/DejaVuSerif(1)/m/n/10 здесь
 []


Underfull \hbox (badness 10000) detected at line 8743
\TU/DejaVuSerif(1)/m/n/10 став-
 []


Underfull \hbox (badness 10000) detected at line 8743
\TU/DejaVuSerif(1)/m/n/10 пред-
 []


Underfull \hbox (badness 10000) detected at line 8743
\TU/DejaVuSerif(1)/m/n/10 деров
 []


Underfull \hbox (badness 10000) detected at line 8743
\TU/DejaVuSerif(1)/m/n/10 шей-
 []


Underfull \hbox (badness 10000) detected at line 8743
[]\TU/DejaVuSerif(1)/m/n/10 Кэш
 []


Overfull \hbox (153.85368pt too wide) in alignment at lines 7522--8788
 [] [] [] [] [] [] [] [] 
 []

[47] [48] [49] [50] [51] [52] [53] [54]
Глава 7.
[55

] [56]
File: custom-kernels-16.png Graphic file (type bmp)
<custom-kernels-16.png>
 [57]
File: lqx-menunconfig.png Graphic file (type bmp)
<lqx-menunconfig.png>
 [58]
File: xanmod-menunconfig.png Graphic file (type bmp)
<xanmod-menunconfig.png>
 [59] [60] [61] [62] [63]
File: processor-type-and-features-entry.png Graphic file (type bmp)
<processor-type-and-features-entry.png>
 [64]
File: processor-family.png Graphic file (type bmp)
<processor-family.png>
 [65]
File: processor-family-choice.png Graphic file (type bmp)
<processor-family-choice.png>
 [66] [67]
File: general-menu.png Graphic file (type bmp)
<general-menu.png>
File: timer-subsystem-1.png Graphic file (type bmp)
<timer-subsystem-1.png>
 [68]
File: timer-subsystem-2.png Graphic file (type bmp)
<timer-subsystem-2.png>
 [69]
File: timer-subsystem-3.png Graphic file (type bmp)
<timer-subsystem-3.png>

[70]
File: processor-type-and-features-entry.png Graphic file (type bmp)
<processor-type-and-features-entry.png>
 [71]
File: timer-freqency.png Graphic file (type bmp)
<timer-freqency.png>
 [72]
File: timer-freqency-choice.png Graphic file (type bmp)
<timer-freqency-choice.png>
 [73]
File: kernel-hacking.png Graphic file (type bmp)
<kernel-hacking.png>
 [74]
File: kernel-debugging.png Graphic file (type bmp)
<kernel-debugging.png>
 [75]
File: kernel-device-drivers.png Graphic file (type bmp)
<kernel-device-drivers.png>
 [76]
File: kernel-graphics-support.png Graphic file (type bmp)
<kernel-graphics-support.png>
 [77]
File: kernel-fb-devices-choice.png Graphic file (type bmp)
<kernel-fb-devices-choice.png>
 [78]
File: kernel-fb-devices.png Graphic file (type bmp)
<kernel-fb-devices.png>
 [79]
File: kernel-nvidia-fb.png Graphic file (type bmp)
<kernel-nvidia-fb.png>
 [80] [81]
File: custom-kernels-17.png Graphic file (type bmp)
<custom-kernels-17.png>
File: custom-kernels-18.png Graphic file (type bmp)
<custom-kernels-18.png>
 [82]
File: custom-kernels-19.png Graphic file (type bmp)
<custom-kernels-19.png>
 [83] [84]
Глава 8.
[85

] [86] [87] [88]
File: lutris-wine-ge.png Graphic file (type bmp)
<lutris-wine-ge.png>
File: lutris-wine-ge-choose.png Graphic file (type bmp)
<lutris-wine-ge-choose.png>
 [89] [90]
File: image3.png Graphic file (type bmp)
<image3.png>
 [91]
File: image8.png Graphic file (type bmp)
<image8.png>
 [92] [93]
File: vkd3d-configure.png Graphic file (type bmp)
<vkd3d-configure.png>
 [94] [95]
File: lutris.png Graphic file (type bmp)
<lutris.png>
 [96]
File: lutris-context-menu.png Graphic file (type bmp)
<lutris-context-menu.png>
 [97]
File: lutris-preferences.png Graphic file (type bmp)
<lutris-preferences.png>
 [98]
File: lutris-auth-icon.png Graphic file (type bmp)
<lutris-auth-icon.png>
File: lutris-gog-auth.png Graphic file (type bmp)
<lutris-gog-auth.png>
 [99]
File: lutris-gog-library.png Graphic file (type bmp)
<lutris-gog-library.png>

[100]
File: lutris-auth-epic-icon.png Graphic file (type bmp)
<lutris-auth-epic-icon.png>
 [101]
File: lutris-epic-auth.png Graphic file (type bmp)
<lutris-epic-auth.png>
File: lutris-epic-library.png Graphic file (type bmp)
<lutris-epic-library.png>
 [102] [103]
File: linux-gaming-1.png Graphic file (type bmp)
<linux-gaming-1.png>
 [104]
File: linux-gaming-2.png Graphic file (type bmp)
<linux-gaming-2.png>
 [105]
File: linux-gaming-3.png Graphic file (type bmp)
<linux-gaming-3.png>
 [106]
Underfull \hbox (badness 10000) in paragraph at lines 10389--10391
[]\TU/DejaVuSerif(1)/m/n/10 Указать параметры запуска игры в свойствах игры Ste
am
 []

[107]
File: image9.png Graphic file (type bmp)
<image9.png>
 [108]
Underfull \hbox (badness 10000) in paragraph at lines 10470--10470
|[][]\TU/DejaVuSans(1)/b/n/10 Альтернатива: DXVK Hud (\TU/DejaVuSans(1)/b/it/10
 Только для игр запускаемых через
 []

[109]
Глава 9.
[110

] [111] [112]
Глава 10.
[113

] [114] [115] [116]
File: image2.jpg Graphic file (type bmp)
<image2.jpg>
 [117] [118]
File: image91.png Graphic file (type bmp)
<image91.png>
 [119]
File: image5.png Graphic file (type bmp)
<image5.png>
 [120]
File: image12.png Graphic file (type bmp)
<image12.png>
 [121] [122]
File: image41.png Graphic file (type bmp)
<image41.png>
 [123] [124]
File: kwin-autocomposer-1.png Graphic file (type bmp)
<kwin-autocomposer-1.png>
File: kwin-autocomposer-2.png Graphic file (type bmp)
<kwin-autocomposer-2.png>
File: kwin-autocomposer-3.png Graphic file (type bmp)
<kwin-autocomposer-3.png>

[125] [126]
File: image1.jpg Graphic file (type bmp)
<image1.jpg>
 [127] [128]
File: image11.png Graphic file (type bmp)
<image11.png>
 [129]
File: image13.png Graphic file (type bmp)
<image13.png>
 [130]
File: image81.png Graphic file (type bmp)
<image81.png>
 [131]
Underfull \hbox (badness 10000) in paragraph at lines 11647--11650
[]\TU/DejaVuSerif(1)/m/n/10 # Отключаем службу автоматического монтирования вне
шних, подключаемых
 []

[132]
File: image10.png Graphic file (type bmp)
<image10.png>
 [133] [134]
File: image6.png Graphic file (type bmp)
<image6.png>
File: image31.png Graphic file (type bmp)
<image31.png>
 [135] [136]
Глава 11.
File: generic-system-acceleration-3.png Graphic file (type bmp)
<generic-system-acceleration-3.png>
[137

]
File: generic-system-acceleration-4.png Graphic file (type bmp)
<generic-system-acceleration-4.png>
 [138]
File: piper-resolutionpage.png Graphic file (type bmp)
<piper-resolutionpage.png>
 [139]
Underfull \hbox (badness 10000) in paragraph at lines 11840--11844
[]\TU/DejaVuSerif(1)/b/n/10 Внимание:  \TU/DejaVuSerif(1)/m/n/10 Поддерживаются
 только некоторые из моделей мышек от
 []

[140]
File: generic-system-acceleration-5.png Graphic file (type bmp)
<generic-system-acceleration-5.png>
File: generic-system-acceleration-6.png Graphic file (type bmp)
<generic-system-acceleration-6.png>
 [141]
File: generic-system-acceleration-7.png Graphic file (type bmp)
<generic-system-acceleration-7.png>
 [142]
File: generic-system-acceleration-8.png Graphic file (type bmp)
<generic-system-acceleration-8.png>
 (./ARU.ind [143] [144


] [145] [146

])
The property list \polyglossia@langsetup contains the pairs (without outer
braces):
>  {latex/script}  =>  {latin}
>  {latex/lcscript}  =>  {latin}
>  {latex/scripttag}  =>  {}
>  {latex/language}  =>  {Latex}
>  {latex/langtag}  =>  {ENG}
>  {latex/bcp47}  =>  {}
>  {latex/hyphennames}  =>  {english}
>  {latex/direction}  =>  {LR}
>  {latex/hyphenmins}  =>  {2,3}
>  {latex/frenchspacing}  =>  {false}
>  {latex/indentfirst}  =>  {false}
>  {latex/fontsetup}  =>  {true}
>  {latex/envname}  =>  {latex}
>  {latex/babelname}  =>  {latex}
>  {latex/localnumeral}  =>  {polyglossia@C@localnumeral}
>  {latex/Localnumeral}  =>  {polyglossia@C@localnumeral}
>  {latex/DefineCommandsCmd}  =>  {use_none:n}
>  {russian/script}  =>  {Cyrillic}
>  {russian/lcscript}  =>  {cyrillic}
>  {russian/scripttag}  =>  {cyrl}
>  {russian/language}  =>  {Russian}
>  {russian/langtag}  =>  {RUS}
>  {russian/bcp47}  =>  {ru}
>  {russian/hyphennames}  =>  {russian}
>  {russian/direction}  =>  {LR}
>  {russian/hyphenmins}  =>  {2,2}
>  {russian/frenchspacing}  =>  {true}
>  {russian/indentfirst}  =>  {true}
>  {russian/fontsetup}  =>  {true}
>  {russian/envname}  =>  {russian}
>  {russian/babelname}  =>  {russian}
>  {russian/localnumeral}  =>  {russiannumerals}
>  {russian/Localnumeral}  =>  {Russiannumerals}
>  {russian/DefineCommandsCmd}  =>  {xpg_define_language_commands:e}.
The property list \__xpg_alias contains the pairs (without outer braces):
>  {latex/target}  =>  {latex}
>  {russian/target}  =>  {russian}
>  {ru/target}  =>  {russian}
>  {ru-luna1918/target}  =>  {russian}
>  {ru-luna1918/options}  =>  {spelling=modern}
>  {ru-petr1708/target}  =>  {russian}
>  {ru-petr1708/options}  =>  {spelling=old}.
 (./ARU.aux)
Package rerunfilecheck Info: File `ARU.out' has not changed.
(rerunfilecheck)             Checksum: B9174AF3A70EDD1A085001F4C9221536;34249.
 ) 
Here is how much of TeX's memory you used:
 19134 strings out of 476156
 385572 string characters out of 5814963
 1103601 words of memory out of 5000000
 39390 multiletter control sequences out of 15000+600000
 477537 words of font info for 155 fonts, out of 8000000 for 9000
 1349 hyphenation exceptions out of 8191
 72i,12n,79p,1093b,695s stack positions out of 5000i,500n,10000p,200000b,80000s

Output written on ARU.pdf (150 pages).
